::1 - - [15/Aug/2023:08:45:43 +0000] "PUT /v1/nba-hotel/aocflight/updateairline/*A HTTP/1.1" 500 35 "-" "PostmanRuntime/7.32.3"
::1 - - [15/Aug/2023:08:46:40 +0000] "PUT /v1/nba-hotel/aocflight/updateairline/*A HTTP/1.1" 200 299 "-" "PostmanRuntime/7.32.3"
::1 - - [15/Aug/2023:08:55:43 +0000] "PUT /v1/nba-hotel/aocflight/updateairline/*A HTTP/1.1" 500 35 "-" "PostmanRuntime/7.32.3"
::1 - - [15/Aug/2023:08:59:03 +0000] "PUT /v1/nba-hotel/aocflight/updateairline/*A HTTP/1.1" 500 35 "-" "PostmanRuntime/7.32.3"
::1 - - [15/Aug/2023:09:03:04 +0000] "PUT /v1/nba-hotel/aocflight/updateairline/*A HTTP/1.1" 500 32 "-" "PostmanRuntime/7.32.3"
::1 - - [15/Aug/2023:09:05:15 +0000] "PUT /v1/nba-hotel/aocflight/updateairline/*A HTTP/1.1" 200 181 "-" "PostmanRuntime/7.32.3"
::ffff:127.0.0.1 - - [15/Aug/2023:09:29:21 +0000] "GET / HTTP/1.1" 404 160 "-" "Mozilla/5.0 (Windows NT 10.0; Win64; x64) AppleWebKit/537.36 (KHTML, like Gecko) Chrome/115.0.0.0 Safari/537.36 Edg/115.0.1901.203"
::ffff:127.0.0.1 - - [15/Aug/2023:09:29:21 +0000] "GET /favicon.ico HTTP/1.1" 404 160 "-" "Mozilla/5.0 (Windows NT 10.0; Win64; x64) AppleWebKit/537.36 (KHTML, like Gecko) Chrome/115.0.0.0 Safari/537.36 Edg/115.0.1901.203"
::ffff:127.0.0.1 - - [15/Aug/2023:09:29:21 +0000] "GET /stylesheets/style.css HTTP/1.1" 200 119 "-" "Mozilla/5.0 (Windows NT 10.0; Win64; x64) AppleWebKit/537.36 (KHTML, like Gecko) Chrome/115.0.0.0 Safari/537.36 Edg/115.0.1901.203"
::ffff:127.0.0.1 - - [15/Aug/2023:09:29:24 +0000] "GET / HTTP/1.1" 404 160 "-" "Mozilla/5.0 (Windows NT 10.0; Win64; x64) AppleWebKit/537.36 (KHTML, like Gecko) Chrome/115.0.0.0 Safari/537.36 Edg/115.0.1901.203"
::ffff:127.0.0.1 - - [15/Aug/2023:09:29:24 +0000] "GET /stylesheets/style.css HTTP/1.1" 304 - "-" "Mozilla/5.0 (Windows NT 10.0; Win64; x64) AppleWebKit/537.36 (KHTML, like Gecko) Chrome/115.0.0.0 Safari/537.36 Edg/115.0.1901.203"
::ffff:127.0.0.1 - - [15/Aug/2023:09:29:25 +0000] "GET / HTTP/1.1" 404 160 "-" "Mozilla/5.0 (Windows NT 10.0; Win64; x64) AppleWebKit/537.36 (KHTML, like Gecko) Chrome/115.0.0.0 Safari/537.36 Edg/115.0.1901.203"
::ffff:127.0.0.1 - - [15/Aug/2023:09:29:25 +0000] "GET /stylesheets/style.css HTTP/1.1" 304 - "-" "Mozilla/5.0 (Windows NT 10.0; Win64; x64) AppleWebKit/537.36 (KHTML, like Gecko) Chrome/115.0.0.0 Safari/537.36 Edg/115.0.1901.203"
::ffff:127.0.0.1 - - [15/Aug/2023:09:29:31 +0000] "GET /v1/nba-hotel HTTP/1.1" 200 209 "-" "Mozilla/5.0 (Windows NT 10.0; Win64; x64) AppleWebKit/537.36 (KHTML, like Gecko) Chrome/115.0.0.0 Safari/537.36 Edg/115.0.1901.203"
::1 - - [15/Aug/2023:09:29:31 +0000] "GET /stylesheets/style.css HTTP/1.1" 304 - "-" "Mozilla/5.0 (Windows NT 10.0; Win64; x64) AppleWebKit/537.36 (KHTML, like Gecko) Chrome/115.0.0.0 Safari/537.36 Edg/115.0.1901.203"
::1 - - [15/Aug/2023:09:29:47 +0000] "POST /v1/nba-hotel/signin/admin HTTP/1.1" 200 193 "http://localhost:5173/" "Mozilla/5.0 (Windows NT 10.0; Win64; x64) AppleWebKit/537.36 (KHTML, like Gecko) Chrome/115.0.0.0 Safari/537.36 Edg/115.0.1901.203"
::1 - - [15/Aug/2023:09:29:50 +0000] "GET /v1/nba-hotel/hotel HTTP/1.1" 200 45610 "http://localhost:5173/" "Mozilla/5.0 (Windows NT 10.0; Win64; x64) AppleWebKit/537.36 (KHTML, like Gecko) Chrome/115.0.0.0 Safari/537.36 Edg/115.0.1901.203"
::1 - - [15/Aug/2023:09:37:12 +0000] "GET /v1/nba-hotel/hotel HTTP/1.1" 304 - "http://localhost:5173/" "Mozilla/5.0 (Windows NT 10.0; Win64; x64) AppleWebKit/537.36 (KHTML, like Gecko) Chrome/115.0.0.0 Safari/537.36 Edg/115.0.1901.203"
::1 - - [15/Aug/2023:09:37:20 +0000] "GET /v1/nba-hotel/hotel HTTP/1.1" 304 - "http://localhost:5173/" "Mozilla/5.0 (Windows NT 10.0; Win64; x64) AppleWebKit/537.36 (KHTML, like Gecko) Chrome/115.0.0.0 Safari/537.36 Edg/115.0.1901.203"
::1 - - [15/Aug/2023:09:37:24 +0000] "GET /v1/nba-hotel/hotel HTTP/1.1" 304 - "http://localhost:5173/" "Mozilla/5.0 (Windows NT 10.0; Win64; x64) AppleWebKit/537.36 (KHTML, like Gecko) Chrome/115.0.0.0 Safari/537.36 Edg/115.0.1901.203"
::1 - - [15/Aug/2023:09:37:29 +0000] "GET /v1/nba-hotel/hotel HTTP/1.1" 304 - "http://localhost:5173/" "Mozilla/5.0 (Windows NT 10.0; Win64; x64) AppleWebKit/537.36 (KHTML, like Gecko) Chrome/115.0.0.0 Safari/537.36 Edg/115.0.1901.203"
::1 - - [15/Aug/2023:10:05:43 +0000] "POST /v1/nba-hotel/aocflight/search HTTP/1.1" 200 42151 "-" "PostmanRuntime/7.32.3"
::1 - - [15/Aug/2023:10:08:51 +0000] "POST /v1/nba-hotel/aocflight/pricing HTTP/1.1" 200 1292 "-" "PostmanRuntime/7.32.3"
::1 - - [15/Aug/2023:10:09:21 +0000] "POST /v1/nba-hotel/aocflight/pricing HTTP/1.1" 200 1292 "-" "PostmanRuntime/7.32.3"
::1 - - [15/Aug/2023:10:11:03 +0000] "POST /v1/nba-hotel/aocflight/pricing HTTP/1.1" 200 24025 "-" "PostmanRuntime/7.32.3"
::1 - - [15/Aug/2023:10:19:16 +0000] "POST /v1/nba-hotel/aocflight/pricing HTTP/1.1" 200 1315 "-" "PostmanRuntime/7.32.3"
::1 - - [15/Aug/2023:10:20:51 +0000] "POST /v1/nba-hotel/aocflight/pricing HTTP/1.1" 200 1315 "-" "PostmanRuntime/7.32.3"
::1 - - [15/Aug/2023:10:21:24 +0000] "POST /v1/nba-hotel/aocflight/pricing HTTP/1.1" 200 1315 "-" "PostmanRuntime/7.32.3"
::1 - - [15/Aug/2023:10:25:40 +0000] "POST /v1/nba-hotel/aocflight/pricing HTTP/1.1" 200 24020 "-" "PostmanRuntime/7.32.3"
::1 - - [22/Sep/2023:02:40:38 +0000] "GET /v1/nba-hotel/role HTTP/1.1" 401 41 "-" "PostmanRuntime/7.33.0"
::1 - - [22/Sep/2023:02:40:49 +0000] "GET /v1/nba-hotel/users HTTP/1.1" 401 41 "-" "PostmanRuntime/7.33.0"
::1 - - [22/Sep/2023:02:41:01 +0000] "POST /v1/nba-hotel/signin HTTP/1.1" 200 609 "-" "PostmanRuntime/7.33.0"
::1 - - [22/Sep/2023:02:42:25 +0000] "GET /v1/nba-hotel/users HTTP/1.1" 401 41 "-" "PostmanRuntime/7.33.0"
::1 - - [22/Sep/2023:02:42:40 +0000] "GET /v1/nba-hotel/users HTTP/1.1" 401 41 "-" "PostmanRuntime/7.33.0"
::1 - - [22/Sep/2023:02:43:10 +0000] "GET /v1/nba-hotel/users HTTP/1.1" 200 3891 "-" "PostmanRuntime/7.33.0"
::1 - - [22/Sep/2023:02:43:46 +0000] "POST /v1/nba-hotel/admin HTTP/1.1" 404 14 "-" "PostmanRuntime/7.33.0"
::1 - - [22/Sep/2023:02:44:15 +0000] "POST /v1/nba-hotel/signin/admin HTTP/1.1" 200 193 "-" "PostmanRuntime/7.33.0"
::1 - - [22/Sep/2023:02:44:26 +0000] "GET /v1/nba-hotel/users HTTP/1.1" 200 3891 "-" "PostmanRuntime/7.33.0"
::1 - - [22/Sep/2023:02:44:35 +0000] "GET /v1/nba-hotel/invite?invitation_key=eyJhbGciOiJIUzI1NiIsInR5cCI6IkpXVCJ9.eyJlbWFpbCI6ImFkbWluLm5iYUBnbWFpbC5jb20iLCJyb2xlIjoiYWRtaW4iLCJpYXQiOjE2ODAyNDgxNzYsImV4cCI6MTY4MDMzNDU3Nn0.buiFsqhyjdYGjAeyBRw3Sej29OzBhSpHBTg-IDl889k HTTP/1.1" 401 41 "-" "PostmanRuntime/7.33.0"
::1 - - [22/Sep/2023:03:08:55 +0000] "POST /v1/nba-hotel/signin/admin HTTP/1.1" 200 193 "-" "PostmanRuntime/7.33.0"
::1 - - [22/Sep/2023:03:09:08 +0000] "GET /v1/nba-hotel/users HTTP/1.1" 200 3891 "-" "PostmanRuntime/7.33.0"
::1 - - [22/Sep/2023:04:02:07 +0000] "POST /v1/nba-hotel/signin/admin HTTP/1.1" 200 193 "-" "PostmanRuntime/7.33.0"
::1 - - [22/Sep/2023:04:04:10 +0000] "GET /v1/nba-hotel/users HTTP/1.1" 200 25 "-" "PostmanRuntime/7.33.0"
::1 - - [22/Sep/2023:04:04:26 +0000] "POST /v1/nba-hotel/users/me HTTP/1.1" 500 58 "-" "PostmanRuntime/7.33.0"
::1 - - [22/Sep/2023:04:15:45 +0000] "POST /v1/nba-hotel/signup HTTP/1.1" 500 29 "-" "PostmanRuntime/7.33.0"
::1 - - [22/Sep/2023:04:16:04 +0000] "GET /v1/nba-hotel/users HTTP/1.1" 200 25 "-" "PostmanRuntime/7.33.0"
::1 - - [22/Sep/2023:04:16:58 +0000] "POST /v1/nba-hotel/signup HTTP/1.1" 500 29 "-" "PostmanRuntime/7.33.0"
::1 - - [22/Sep/2023:04:17:23 +0000] "POST /v1/nba-hotel/signup HTTP/1.1" 500 29 "-" "PostmanRuntime/7.33.0"
::1 - - [22/Sep/2023:04:21:06 +0000] "POST /v1/nba-hotel/signup HTTP/1.1" - - "-" "PostmanRuntime/7.33.0"
::1 - - [22/Sep/2023:08:01:05 +0000] "POST /v1/nba-hotel/signin HTTP/1.1" 500 35 "-" "PostmanRuntime/7.33.0"
::1 - - [01/Nov/2023:07:58:35 +0000] "POST /v1/nba-hotel/admin/create HTTP/1.1" - - "-" "PostmanRuntime/7.34.0"
::1 - - [01/Nov/2023:09:12:37 +0000] "POST /v1/nba-hotel/signin HTTP/1.1" 400 43 "-" "PostmanRuntime/7.34.0"
::1 - - [01/Nov/2023:09:19:29 +0000] "POST /v1/nba-hotel/signup/ HTTP/1.1" - - "-" "PostmanRuntime/7.34.0"
::1 - - [01/Nov/2023:09:41:12 +0000] "POST /v1/nba-hotel/signup/admin HTTP/1.1" 200 75 "-" "PostmanRuntime/7.34.0"
::1 - - [01/Nov/2023:09:42:28 +0000] "POST /v1/nba-hotel/signup/admin HTTP/1.1" 200 89 "-" "PostmanRuntime/7.34.0"
::1 - - [01/Nov/2023:09:46:03 +0000] "POST /v1/nba-hotel/signup/panter HTTP/1.1" 200 90 "-" "PostmanRuntime/7.34.0"
::1 - - [01/Nov/2023:09:47:36 +0000] "POST /v1/nba-hotel/signup/member HTTP/1.1" 200 103 "-" "PostmanRuntime/7.34.0"
::1 - - [01/Nov/2023:09:48:07 +0000] "POST /v1/nba-hotel/signup/member HTTP/1.1" 200 90 "-" "PostmanRuntime/7.34.0"
::1 - - [01/Nov/2023:09:54:20 +0000] "POST /v1/nba-hotel/signup/panter HTTP/1.1" 200 90 "-" "PostmanRuntime/7.34.0"
::1 - - [01/Nov/2023:09:54:57 +0000] "POST /v1/nba-hotel/signup/panters HTTP/1.1" 404 1679 "-" "PostmanRuntime/7.34.0"
::1 - - [01/Nov/2023:09:55:23 +0000] "POST /v1/nba-hotel/signup/panters HTTP/1.1" 200 90 "-" "PostmanRuntime/7.34.0"
::1 - - [01/Nov/2023:09:55:37 +0000] "POST /v1/nba-hotel/signup/panters HTTP/1.1" 200 90 "-" "PostmanRuntime/7.34.0"
::1 - - [01/Nov/2023:11:20:21 +0000] "POST /v1/nba-hotel/signin HTTP/1.1" 400 43 "-" "PostmanRuntime/7.34.0"
::1 - - [02/Nov/2023:02:02:43 +0000] "POST /v1/nba-hotel/signup/ HTTP/1.1" 200 344 "-" "PostmanRuntime/7.34.0"
::1 - - [02/Nov/2023:02:04:04 +0000] "POST /v1/nba-hotel/signup/ HTTP/1.1" 200 346 "-" "PostmanRuntime/7.34.0"
::1 - - [02/Nov/2023:02:04:09 +0000] "POST /v1/nba-hotel/signup/ HTTP/1.1" 200 345 "-" "PostmanRuntime/7.34.0"
::1 - - [02/Nov/2023:02:05:40 +0000] "POST /v1/nba-hotel/signin HTTP/1.1" 400 43 "-" "PostmanRuntime/7.34.0"
::1 - - [02/Nov/2023:02:06:01 +0000] "POST /v1/nba-hotel/signin HTTP/1.1" 400 43 "-" "PostmanRuntime/7.34.0"
::1 - - [02/Nov/2023:02:06:36 +0000] "POST /v1/nba-hotel/signin HTTP/1.1" 200 73 "-" "PostmanRuntime/7.34.0"
::1 - - [02/Nov/2023:03:11:59 +0000] "POST /v1/nba-hotel/signin HTTP/1.1" - - "-" "PostmanRuntime/7.34.0"
::1 - - [02/Nov/2023:03:20:54 +0000] "POST /v1/nba-hotel/signin HTTP/1.1" - - "-" "PostmanRuntime/7.34.0"
::1 - - [02/Nov/2023:03:23:18 +0000] "POST /v1/nba-hotel/signin HTTP/1.1" - - "-" "PostmanRuntime/7.34.0"
::1 - - [02/Nov/2023:03:53:53 +0000] "POST /v1/nba-hotel/signin HTTP/1.1" 200 725 "-" "PostmanRuntime/7.34.0"
::1 - - [02/Nov/2023:03:59:37 +0000] "POST /v1/nba-hotel/signin HTTP/1.1" - - "-" "PostmanRuntime/7.34.0"
::1 - - [02/Nov/2023:04:08:33 +0000] "POST /v1/nba-hotel/signin HTTP/1.1" 500 46 "-" "PostmanRuntime/7.34.0"
::1 - - [02/Nov/2023:04:09:28 +0000] "POST /v1/nba-hotel/signin HTTP/1.1" 500 46 "-" "PostmanRuntime/7.34.0"
::1 - - [02/Nov/2023:04:10:08 +0000] "POST /v1/nba-hotel/signin HTTP/1.1" 500 46 "-" "PostmanRuntime/7.34.0"
::1 - - [02/Nov/2023:04:10:33 +0000] "POST /v1/nba-hotel/signin HTTP/1.1" 500 46 "-" "PostmanRuntime/7.34.0"
::1 - - [02/Nov/2023:04:10:35 +0000] "POST /v1/nba-hotel/signin HTTP/1.1" 500 46 "-" "PostmanRuntime/7.34.0"
::1 - - [02/Nov/2023:04:11:50 +0000] "POST /v1/nba-hotel/signin HTTP/1.1" 500 46 "-" "PostmanRuntime/7.34.0"
::1 - - [02/Nov/2023:04:12:14 +0000] "POST /v1/nba-hotel/signin HTTP/1.1" 500 46 "-" "PostmanRuntime/7.34.0"
::1 - - [02/Nov/2023:04:13:45 +0000] "POST /v1/nba-hotel/signin HTTP/1.1" 500 31 "-" "PostmanRuntime/7.34.0"
::1 - - [02/Nov/2023:04:14:30 +0000] "POST /v1/nba-hotel/signin HTTP/1.1" 500 46 "-" "PostmanRuntime/7.34.0"
::1 - - [02/Nov/2023:04:15:14 +0000] "POST /v1/nba-hotel/signin HTTP/1.1" 500 46 "-" "PostmanRuntime/7.34.0"
::1 - - [02/Nov/2023:04:16:12 +0000] "POST /v1/nba-hotel/signin HTTP/1.1" 500 46 "-" "PostmanRuntime/7.34.0"
::1 - - [02/Nov/2023:04:16:14 +0000] "POST /v1/nba-hotel/signin HTTP/1.1" 500 46 "-" "PostmanRuntime/7.34.0"
::1 - - [02/Nov/2023:04:16:28 +0000] "POST /v1/nba-hotel/signin HTTP/1.1" 500 46 "-" "PostmanRuntime/7.34.0"
::1 - - [02/Nov/2023:04:16:36 +0000] "POST /v1/nba-hotel/signin HTTP/1.1" 500 46 "-" "PostmanRuntime/7.34.0"
::1 - - [02/Nov/2023:04:17:04 +0000] "POST /v1/nba-hotel/signin HTTP/1.1" 500 46 "-" "PostmanRuntime/7.34.0"
::1 - - [02/Nov/2023:04:17:16 +0000] "POST /v1/nba-hotel/signin HTTP/1.1" 500 46 "-" "PostmanRuntime/7.34.0"
::1 - - [02/Nov/2023:04:17:17 +0000] "POST /v1/nba-hotel/signin HTTP/1.1" 500 46 "-" "PostmanRuntime/7.34.0"
::1 - - [02/Nov/2023:04:17:19 +0000] "POST /v1/nba-hotel/signin HTTP/1.1" 500 46 "-" "PostmanRuntime/7.34.0"
::1 - - [02/Nov/2023:04:17:47 +0000] "POST /v1/nba-hotel/signin HTTP/1.1" - - "-" "PostmanRuntime/7.34.0"
::1 - - [02/Nov/2023:04:17:54 +0000] "POST /v1/nba-hotel/signin HTTP/1.1" 400 43 "-" "PostmanRuntime/7.34.0"
::1 - - [02/Nov/2023:04:18:23 +0000] "POST /v1/nba-hotel/signin HTTP/1.1" 500 46 "-" "PostmanRuntime/7.34.0"
::1 - - [02/Nov/2023:04:18:57 +0000] "POST /v1/nba-hotel/signin HTTP/1.1" - - "-" "PostmanRuntime/7.34.0"
::1 - - [02/Nov/2023:04:19:14 +0000] "POST /v1/nba-hotel/signin HTTP/1.1" 500 46 "-" "PostmanRuntime/7.34.0"
::1 - - [02/Nov/2023:04:19:31 +0000] "POST /v1/nba-hotel/signin HTTP/1.1" 500 45 "-" "PostmanRuntime/7.34.0"
::1 - - [02/Nov/2023:04:21:03 +0000] "POST /v1/nba-hotel/signin HTTP/1.1" 500 46 "-" "PostmanRuntime/7.34.0"
::1 - - [02/Nov/2023:04:21:05 +0000] "POST /v1/nba-hotel/signin HTTP/1.1" 500 46 "-" "PostmanRuntime/7.34.0"
::1 - - [02/Nov/2023:04:21:21 +0000] "POST /v1/nba-hotel/signin HTTP/1.1" 200 725 "-" "PostmanRuntime/7.34.0"
::1 - - [02/Nov/2023:04:28:15 +0000] "POST /v1/nba-hotel/signup/ HTTP/1.1" 400 98 "-" "PostmanRuntime/7.34.0"
::1 - - [02/Nov/2023:07:13:04 +0000] "POST /v1/nba-hotel/signup/member HTTP/1.1" 500 29 "-" "PostmanRuntime/7.34.0"
::1 - - [02/Nov/2023:07:15:37 +0000] "POST /v1/nba-hotel/signup/member HTTP/1.1" 500 29 "-" "PostmanRuntime/7.34.0"
::1 - - [02/Nov/2023:07:16:22 +0000] "POST /v1/nba-hotel/signup/member HTTP/1.1" 500 29 "-" "PostmanRuntime/7.34.0"
::1 - - [02/Nov/2023:07:17:36 +0000] "POST /v1/nba-hotel/signup/member HTTP/1.1" 500 29 "-" "PostmanRuntime/7.34.0"
::1 - - [02/Nov/2023:07:18:20 +0000] "POST /v1/nba-hotel/signup/member HTTP/1.1" - - "-" "PostmanRuntime/7.34.0"
::1 - - [02/Nov/2023:07:18:43 +0000] "POST /v1/nba-hotel/signup/member HTTP/1.1" 500 29 "-" "PostmanRuntime/7.34.0"
::1 - - [02/Nov/2023:07:23:45 +0000] "POST /v1/nba-hotel/signup/member HTTP/1.1" 200 380 "-" "PostmanRuntime/7.34.0"
::1 - - [02/Nov/2023:07:48:23 +0000] "POST /v1/nba-hotel/signup/member HTTP/1.1" 500 29 "-" "PostmanRuntime/7.34.0"
::1 - - [02/Nov/2023:07:55:04 +0000] "POST /v1/nba-hotel/signup/member HTTP/1.1" 400 98 "-" "PostmanRuntime/7.34.0"
::1 - - [02/Nov/2023:07:59:04 +0000] "POST /v1/nba-hotel/signup/member HTTP/1.1" 400 114 "-" "PostmanRuntime/7.34.0"
::1 - - [02/Nov/2023:07:59:38 +0000] "POST /v1/nba-hotel/signup/member HTTP/1.1" 200 380 "-" "PostmanRuntime/7.34.0"
::1 - - [02/Nov/2023:07:59:41 +0000] "POST /v1/nba-hotel/signup/member HTTP/1.1" 500 118 "-" "PostmanRuntime/7.34.0"
::1 - - [02/Nov/2023:08:00:16 +0000] "POST /v1/nba-hotel/signup/member HTTP/1.1" 500 118 "-" "PostmanRuntime/7.34.0"
::1 - - [02/Nov/2023:08:02:37 +0000] "POST /v1/nba-hotel/signup/member HTTP/1.1" 500 118 "-" "PostmanRuntime/7.34.0"
::1 - - [02/Nov/2023:08:03:47 +0000] "POST /v1/nba-hotel/signup/member HTTP/1.1" 500 118 "-" "PostmanRuntime/7.34.0"
::1 - - [02/Nov/2023:08:04:24 +0000] "POST /v1/nba-hotel/signup/member HTTP/1.1" 500 118 "-" "PostmanRuntime/7.34.0"
::1 - - [02/Nov/2023:08:06:03 +0000] "POST /v1/nba-hotel/signup/member HTTP/1.1" 500 118 "-" "PostmanRuntime/7.34.0"
::1 - - [02/Nov/2023:08:07:16 +0000] "POST /v1/nba-hotel/signup/member HTTP/1.1" 500 118 "-" "PostmanRuntime/7.34.0"
::1 - - [02/Nov/2023:08:09:57 +0000] "POST /v1/nba-hotel/signup/member HTTP/1.1" 500 118 "-" "PostmanRuntime/7.34.0"
::1 - - [02/Nov/2023:08:11:12 +0000] "POST /v1/nba-hotel/signup/member HTTP/1.1" 400 114 "-" "PostmanRuntime/7.34.0"
::1 - - [02/Nov/2023:08:11:46 +0000] "POST /v1/nba-hotel/signup/member HTTP/1.1" 400 114 "-" "PostmanRuntime/7.34.0"
::1 - - [02/Nov/2023:08:21:17 +0000] "POST /v1/nba-hotel/signup/partner HTTP/1.1" 200 416 "-" "PostmanRuntime/7.34.0"
::1 - - [02/Nov/2023:08:22:04 +0000] "POST /v1/nba-hotel/signup/partner HTTP/1.1" 400 114 "-" "PostmanRuntime/7.34.0"
::1 - - [02/Nov/2023:08:23:00 +0000] "POST /v1/nba-hotel/signup/partner HTTP/1.1" 400 114 "-" "PostmanRuntime/7.34.0"
::1 - - [02/Nov/2023:08:35:38 +0000] "POST /v1/nba-hotel/signup/admin HTTP/1.1" 500 397 "-" "PostmanRuntime/7.34.0"
::1 - - [02/Nov/2023:08:37:49 +0000] "POST /v1/nba-hotel/signup/admin HTTP/1.1" 200 370 "-" "PostmanRuntime/7.34.0"
::1 - - [02/Nov/2023:08:38:26 +0000] "POST /v1/nba-hotel/signup/admin HTTP/1.1" 400 114 "-" "PostmanRuntime/7.34.0"
::1 - - [02/Nov/2023:08:56:00 +0000] "POST /v1/nba-hotel/signin HTTP/1.1" 500 76 "-" "PostmanRuntime/7.34.0"
::1 - - [02/Nov/2023:08:56:35 +0000] "POST /v1/nba-hotel/signin HTTP/1.1" 500 76 "-" "PostmanRuntime/7.34.0"
::1 - - [02/Nov/2023:08:57:07 +0000] "POST /v1/nba-hotel/signin HTTP/1.1" 500 76 "-" "PostmanRuntime/7.34.0"
::1 - - [02/Nov/2023:08:59:02 +0000] "POST /v1/nba-hotel/signin HTTP/1.1" 500 76 "-" "PostmanRuntime/7.34.0"
::1 - - [02/Nov/2023:09:01:01 +0000] "POST /v1/nba-hotel/signin HTTP/1.1" - - "-" "PostmanRuntime/7.34.0"
::1 - - [02/Nov/2023:09:01:27 +0000] "POST /v1/nba-hotel/signin HTTP/1.1" 500 76 "-" "PostmanRuntime/7.34.0"
::1 - - [02/Nov/2023:09:02:52 +0000] "POST /v1/nba-hotel/signin HTTP/1.1" 500 76 "-" "PostmanRuntime/7.34.0"
::1 - - [02/Nov/2023:09:03:15 +0000] "POST /v1/nba-hotel/signin HTTP/1.1" 500 76 "-" "PostmanRuntime/7.34.0"
::1 - - [02/Nov/2023:09:04:35 +0000] "POST /v1/nba-hotel/signin HTTP/1.1" - - "-" "PostmanRuntime/7.34.0"
::1 - - [02/Nov/2023:09:10:31 +0000] "POST /v1/nba-hotel/signin HTTP/1.1" 400 43 "-" "PostmanRuntime/7.34.0"
::1 - - [02/Nov/2023:09:10:49 +0000] "POST /v1/nba-hotel/signin HTTP/1.1" 500 43 "-" "PostmanRuntime/7.34.0"
::1 - - [02/Nov/2023:09:23:15 +0000] "POST /v1/nba-hotel/signin HTTP/1.1" 400 43 "-" "PostmanRuntime/7.34.0"
::1 - - [02/Nov/2023:09:23:32 +0000] "POST /v1/nba-hotel/signin HTTP/1.1" 500 78 "-" "PostmanRuntime/7.34.0"
::1 - - [02/Nov/2023:09:24:08 +0000] "POST /v1/nba-hotel/signin HTTP/1.1" 500 78 "-" "PostmanRuntime/7.34.0"
::1 - - [02/Nov/2023:09:24:10 +0000] "POST /v1/nba-hotel/signin HTTP/1.1" 500 78 "-" "PostmanRuntime/7.34.0"
::1 - - [02/Nov/2023:09:26:04 +0000] "POST /v1/nba-hotel/signin HTTP/1.1" 500 78 "-" "PostmanRuntime/7.34.0"
::1 - - [02/Nov/2023:09:37:55 +0000] "POST /v1/nba-hotel/signin HTTP/1.1" 500 59 "-" "PostmanRuntime/7.34.0"
::1 - - [02/Nov/2023:09:38:55 +0000] "POST /v1/nba-hotel/signin HTTP/1.1" - - "-" "PostmanRuntime/7.34.0"
::1 - - [02/Nov/2023:09:39:21 +0000] "POST /v1/nba-hotel/signin HTTP/1.1" - - "-" "PostmanRuntime/7.34.0"
::1 - - [02/Nov/2023:09:42:46 +0000] "POST /v1/nba-hotel/signin HTTP/1.1" 500 114 "-" "PostmanRuntime/7.34.0"
::1 - - [02/Nov/2023:09:43:56 +0000] "POST /v1/nba-hotel/signin HTTP/1.1" - - "-" "PostmanRuntime/7.34.0"
::1 - - [02/Nov/2023:09:49:08 +0000] "POST /v1/nba-hotel/signup/partner HTTP/1.1" 400 114 "-" "PostmanRuntime/7.34.0"
::1 - - [02/Nov/2023:09:49:44 +0000] "POST /v1/nba-hotel/signin HTTP/1.1" - - "-" "PostmanRuntime/7.34.0"
::1 - - [02/Nov/2023:09:50:47 +0000] "POST /v1/nba-hotel/signin HTTP/1.1" - - "-" "PostmanRuntime/7.34.0"
::1 - - [02/Nov/2023:09:51:57 +0000] "POST /v1/nba-hotel/signin HTTP/1.1" - - "-" "PostmanRuntime/7.34.0"
::1 - - [02/Nov/2023:09:53:41 +0000] "POST /v1/nba-hotel/signup/member HTTP/1.1" 400 114 "-" "PostmanRuntime/7.34.0"
::1 - - [02/Nov/2023:09:53:54 +0000] "POST /v1/nba-hotel/signin HTTP/1.1" - - "-" "PostmanRuntime/7.34.0"
::1 - - [02/Nov/2023:09:54:15 +0000] "POST /v1/nba-hotel/signin HTTP/1.1" - - "-" "PostmanRuntime/7.34.0"
::1 - - [02/Nov/2023:09:54:40 +0000] "POST /v1/nba-hotel/signin HTTP/1.1" - - "-" "PostmanRuntime/7.34.0"
::1 - - [02/Nov/2023:09:55:40 +0000] "POST /v1/nba-hotel/signin HTTP/1.1" - - "-" "PostmanRuntime/7.34.0"
::1 - - [02/Nov/2023:09:56:21 +0000] "POST /v1/nba-hotel/signin HTTP/1.1" - - "-" "PostmanRuntime/7.34.0"
::1 - - [02/Nov/2023:09:56:55 +0000] "POST /v1/nba-hotel/signin HTTP/1.1" - - "-" "PostmanRuntime/7.34.0"
::1 - - [02/Nov/2023:09:57:04 +0000] "POST /v1/nba-hotel/signin HTTP/1.1" - - "-" "PostmanRuntime/7.34.0"
::1 - - [02/Nov/2023:09:57:19 +0000] "POST /v1/nba-hotel/signin HTTP/1.1" - - "-" "PostmanRuntime/7.34.0"
::1 - - [02/Nov/2023:09:57:21 +0000] "POST /v1/nba-hotel/signin HTTP/1.1" - - "-" "PostmanRuntime/7.34.0"
::1 - - [02/Nov/2023:09:58:03 +0000] "POST /v1/nba-hotel/signin HTTP/1.1" - - "-" "PostmanRuntime/7.34.0"
::1 - - [02/Nov/2023:09:58:16 +0000] "POST /v1/nba-hotel/signin HTTP/1.1" - - "-" "PostmanRuntime/7.34.0"
::1 - - [02/Nov/2023:09:59:45 +0000] "POST /v1/nba-hotel/signin HTTP/1.1" - - "-" "PostmanRuntime/7.34.0"
::1 - - [02/Nov/2023:09:59:53 +0000] "POST /v1/nba-hotel/signin HTTP/1.1" - - "-" "PostmanRuntime/7.34.0"
::1 - - [02/Nov/2023:10:00:59 +0000] "POST /v1/nba-hotel/signin HTTP/1.1" - - "-" "PostmanRuntime/7.34.0"
::1 - - [02/Nov/2023:10:01:23 +0000] "POST /v1/nba-hotel/signin HTTP/1.1" - - "-" "PostmanRuntime/7.34.0"
::1 - - [02/Nov/2023:10:01:35 +0000] "POST /v1/nba-hotel/signin HTTP/1.1" - - "-" "PostmanRuntime/7.34.0"
::1 - - [02/Nov/2023:10:01:55 +0000] "POST /v1/nba-hotel/signin HTTP/1.1" - - "-" "PostmanRuntime/7.34.0"
::1 - - [02/Nov/2023:10:02:25 +0000] "POST /v1/nba-hotel/signin HTTP/1.1" 500 45 "-" "PostmanRuntime/7.34.0"
::1 - - [02/Nov/2023:10:02:33 +0000] "POST /v1/nba-hotel/signin HTTP/1.1" 400 43 "-" "PostmanRuntime/7.34.0"
::1 - - [02/Nov/2023:10:03:09 +0000] "POST /v1/nba-hotel/signin HTTP/1.1" 500 45 "-" "PostmanRuntime/7.34.0"
::1 - - [02/Nov/2023:10:03:41 +0000] "POST /v1/nba-hotel/signin HTTP/1.1" 400 43 "-" "PostmanRuntime/7.34.0"
::1 - - [02/Nov/2023:10:05:03 +0000] "POST /v1/nba-hotel/signin HTTP/1.1" - - "-" "PostmanRuntime/7.34.0"
::1 - - [02/Nov/2023:10:05:08 +0000] "POST /v1/nba-hotel/signin HTTP/1.1" 400 43 "-" "PostmanRuntime/7.34.0"
::1 - - [02/Nov/2023:10:15:12 +0000] "POST /v1/nba-hotel/signin HTTP/1.1" 200 578 "-" "PostmanRuntime/7.34.0"
::1 - - [02/Nov/2023:10:20:30 +0000] "POST /v1/nba-hotel/signup/member HTTP/1.1" 400 114 "-" "PostmanRuntime/7.34.0"
::1 - - [02/Nov/2023:10:20:37 +0000] "POST /v1/nba-hotel/signup/member HTTP/1.1" 400 114 "-" "PostmanRuntime/7.34.0"
::1 - - [02/Nov/2023:10:20:58 +0000] "POST /v1/nba-hotel/signup/member HTTP/1.1" 200 395 "-" "PostmanRuntime/7.34.0"
::1 - - [02/Nov/2023:10:21:53 +0000] "POST /v1/nba-hotel/signin HTTP/1.1" 200 578 "-" "PostmanRuntime/7.34.0"
::1 - - [02/Nov/2023:10:26:41 +0000] "POST /v1/nba-hotel/signin HTTP/1.1" 200 578 "-" "PostmanRuntime/7.34.0"
::1 - - [02/Nov/2023:10:26:46 +0000] "POST /v1/nba-hotel/signin HTTP/1.1" 200 581 "-" "PostmanRuntime/7.34.0"
::1 - - [02/Nov/2023:10:27:36 +0000] "POST /v1/nba-hotel/signin HTTP/1.1" 200 581 "-" "PostmanRuntime/7.34.0"
::1 - - [02/Nov/2023:10:28:42 +0000] "POST /v1/nba-hotel/signin HTTP/1.1" 200 581 "-" "PostmanRuntime/7.34.0"
::1 - - [02/Nov/2023:10:28:50 +0000] "POST /v1/nba-hotel/signin HTTP/1.1" 200 581 "-" "PostmanRuntime/7.34.0"
::1 - - [02/Nov/2023:10:30:21 +0000] "POST /v1/nba-hotel/signin HTTP/1.1" 200 578 "-" "PostmanRuntime/7.34.0"
::1 - - [02/Nov/2023:10:30:25 +0000] "POST /v1/nba-hotel/signin HTTP/1.1" 200 583 "-" "PostmanRuntime/7.34.0"
::1 - - [02/Nov/2023:10:30:29 +0000] "POST /v1/nba-hotel/signin HTTP/1.1" 200 581 "-" "PostmanRuntime/7.34.0"
::1 - - [02/Nov/2023:10:31:00 +0000] "POST /v1/nba-hotel/signup/admin HTTP/1.1" 500 102 "-" "PostmanRuntime/7.34.0"
::1 - - [02/Nov/2023:10:32:02 +0000] "POST /v1/nba-hotel/signup/admin HTTP/1.1" 200 370 "-" "PostmanRuntime/7.34.0"
::1 - - [02/Nov/2023:10:32:12 +0000] "POST /v1/nba-hotel/signup/partner HTTP/1.1" 200 416 "-" "PostmanRuntime/7.34.0"
::1 - - [02/Nov/2023:10:32:22 +0000] "POST /v1/nba-hotel/signup/member HTTP/1.1" 200 395 "-" "PostmanRuntime/7.34.0"
::1 - - [03/Nov/2023:02:11:16 +0000] "POST /v1/nba-hotel/signin HTTP/1.1" 200 578 "-" "PostmanRuntime/7.34.0"
::1 - - [03/Nov/2023:02:11:22 +0000] "POST /v1/nba-hotel/signin HTTP/1.1" 200 583 "-" "PostmanRuntime/7.34.0"
::1 - - [03/Nov/2023:02:11:26 +0000] "POST /v1/nba-hotel/signin HTTP/1.1" 200 581 "-" "PostmanRuntime/7.34.0"
::1 - - [03/Nov/2023:02:13:49 +0000] "POST /v1/nba-hotel/signup/admin HTTP/1.1" 200 369 "-" "PostmanRuntime/7.34.0"
::1 - - [03/Nov/2023:02:13:56 +0000] "POST /v1/nba-hotel/signup/partner HTTP/1.1" 200 416 "-" "PostmanRuntime/7.34.0"
::1 - - [03/Nov/2023:02:14:00 +0000] "POST /v1/nba-hotel/signup/member HTTP/1.1" 200 396 "-" "PostmanRuntime/7.34.0"
::1 - - [03/Nov/2023:03:29:59 +0000] "POST /v1/nba-hotel/signup/member HTTP/1.1" 403 56 "-" "PostmanRuntime/7.34.0"
::1 - - [03/Nov/2023:03:30:31 +0000] "POST /v1/nba-hotel/signin HTTP/1.1" 200 581 "-" "PostmanRuntime/7.34.0"
::1 - - [03/Nov/2023:03:32:04 +0000] "POST /v1/nba-hotel/signup/member HTTP/1.1" 500 12 "-" "PostmanRuntime/7.34.0"
::1 - - [03/Nov/2023:03:32:42 +0000] "POST /v1/nba-hotel/signup/member HTTP/1.1" 500 12 "-" "PostmanRuntime/7.34.0"
::1 - - [03/Nov/2023:03:35:09 +0000] "POST /v1/nba-hotel/signup/member HTTP/1.1" 500 12 "-" "PostmanRuntime/7.34.0"
::1 - - [03/Nov/2023:03:39:42 +0000] "POST /v1/nba-hotel/signin HTTP/1.1" 200 618 "-" "PostmanRuntime/7.34.0"
::1 - - [03/Nov/2023:03:40:30 +0000] "POST /v1/nba-hotel/signin HTTP/1.1" 200 618 "-" "PostmanRuntime/7.34.0"
::1 - - [03/Nov/2023:03:41:28 +0000] "POST /v1/nba-hotel/signin HTTP/1.1" 200 618 "-" "PostmanRuntime/7.34.0"
::1 - - [03/Nov/2023:03:42:27 +0000] "POST /v1/nba-hotel/signup/member HTTP/1.1" 500 12 "-" "PostmanRuntime/7.34.0"
::1 - - [03/Nov/2023:03:43:56 +0000] "POST /v1/nba-hotel/signup/member HTTP/1.1" 500 12 "-" "PostmanRuntime/7.34.0"
::1 - - [03/Nov/2023:03:44:01 +0000] "POST /v1/nba-hotel/signup/member HTTP/1.1" 500 12 "-" "PostmanRuntime/7.34.0"
::1 - - [03/Nov/2023:03:44:07 +0000] "POST /v1/nba-hotel/signin HTTP/1.1" 200 618 "-" "PostmanRuntime/7.34.0"
::1 - - [03/Nov/2023:03:44:46 +0000] "POST /v1/nba-hotel/signup/member HTTP/1.1" 500 12 "-" "PostmanRuntime/7.34.0"
::1 - - [03/Nov/2023:03:48:00 +0000] "POST /v1/nba-hotel/signup/member HTTP/1.1" 500 12 "-" "PostmanRuntime/7.34.0"
::1 - - [03/Nov/2023:03:50:18 +0000] "POST /v1/nba-hotel/signin HTTP/1.1" 200 618 "-" "PostmanRuntime/7.34.0"
::1 - - [03/Nov/2023:03:50:52 +0000] "POST /v1/nba-hotel/signup/member HTTP/1.1" 500 12 "-" "PostmanRuntime/7.34.0"
::1 - - [03/Nov/2023:03:51:24 +0000] "POST /v1/nba-hotel/signup/member HTTP/1.1" 500 12 "-" "PostmanRuntime/7.34.0"
::1 - - [03/Nov/2023:03:52:08 +0000] "POST /v1/nba-hotel/signin HTTP/1.1" 200 618 "-" "PostmanRuntime/7.34.0"
::1 - - [03/Nov/2023:03:52:15 +0000] "POST /v1/nba-hotel/signup/member HTTP/1.1" 500 12 "-" "PostmanRuntime/7.34.0"
::1 - - [03/Nov/2023:03:53:08 +0000] "POST /v1/nba-hotel/signin HTTP/1.1" 200 618 "-" "PostmanRuntime/7.34.0"
::1 - - [03/Nov/2023:03:53:40 +0000] "POST /v1/nba-hotel/signup/member HTTP/1.1" 500 12 "-" "PostmanRuntime/7.34.0"
::1 - - [03/Nov/2023:03:54:45 +0000] "POST /v1/nba-hotel/signup/member HTTP/1.1" - - "-" "PostmanRuntime/7.34.0"
::1 - - [03/Nov/2023:03:55:52 +0000] "POST /v1/nba-hotel/signup/member HTTP/1.1" 200 394 "-" "PostmanRuntime/7.34.0"
::1 - - [03/Nov/2023:04:14:12 +0000] "POST /v1/nba-hotel/signin HTTP/1.1" 200 620 "-" "PostmanRuntime/7.34.0"
::1 - - [03/Nov/2023:04:16:35 +0000] "POST /v1/nba-hotel/signup/partner HTTP/1.1" 500 12 "-" "PostmanRuntime/7.34.0"
::1 - - [03/Nov/2023:04:16:57 +0000] "POST /v1/nba-hotel/signup/partner HTTP/1.1" 500 12 "-" "PostmanRuntime/7.34.0"
::1 - - [03/Nov/2023:04:17:33 +0000] "POST /v1/nba-hotel/signup/partner HTTP/1.1" - - "-" "PostmanRuntime/7.34.0"
::1 - - [03/Nov/2023:04:17:55 +0000] "POST /v1/nba-hotel/signup/partner HTTP/1.1" - - "-" "PostmanRuntime/7.34.0"
::1 - - [03/Nov/2023:04:18:11 +0000] "POST /v1/nba-hotel/signup/partner HTTP/1.1" - - "-" "PostmanRuntime/7.34.0"
::1 - - [03/Nov/2023:04:21:47 +0000] "POST /v1/nba-hotel/signup/partner HTTP/1.1" 400 114 "-" "PostmanRuntime/7.34.0"
::1 - - [03/Nov/2023:04:37:55 +0000] "POST /v1/nba-hotel/signin HTTP/1.1" 200 615 "-" "PostmanRuntime/7.34.0"
::1 - - [03/Nov/2023:04:39:27 +0000] "POST /v1/nba-hotel/signup/admin HTTP/1.1" 400 114 "-" "PostmanRuntime/7.34.0"
::1 - - [03/Nov/2023:04:39:35 +0000] "POST /v1/nba-hotel/signup/admin HTTP/1.1" 500 68 "-" "PostmanRuntime/7.34.0"
::1 - - [03/Nov/2023:04:39:44 +0000] "POST /v1/nba-hotel/signup/admin HTTP/1.1" 400 114 "-" "PostmanRuntime/7.34.0"
::1 - - [03/Nov/2023:04:45:13 +0000] "POST /v1/nba-hotel/signin HTTP/1.1" 200 618 "-" "PostmanRuntime/7.34.0"
::1 - - [03/Nov/2023:04:45:37 +0000] "POST /v1/nba-hotel/signup/admin HTTP/1.1" 400 104 "-" "PostmanRuntime/7.34.0"
::1 - - [04/Nov/2023:08:44:09 +0000] "GET /v1/nba-hotel/hotel/category HTTP/1.1" 404 1679 "-" "PostmanRuntime/7.34.0"
::1 - - [04/Nov/2023:08:58:07 +0000] "GET /v1/nba-hotel/hotel/category HTTP/1.1" 500 14 "-" "PostmanRuntime/7.34.0"
::1 - - [04/Nov/2023:08:59:19 +0000] "GET /v1/nba-hotel/hotel/category HTTP/1.1" 500 14 "-" "PostmanRuntime/7.34.0"
::1 - - [04/Nov/2023:09:00:10 +0000] "GET /v1/nba-hotel/hotel/category HTTP/1.1" 500 14 "-" "PostmanRuntime/7.34.0"
::1 - - [04/Nov/2023:09:00:47 +0000] "GET /v1/nba-hotel/hotel/category HTTP/1.1" 200 25 "-" "PostmanRuntime/7.34.0"
::1 - - [04/Nov/2023:09:02:02 +0000] "GET /v1/nba-hotel/hotel/category HTTP/1.1" 200 25 "-" "PostmanRuntime/7.34.0"
::1 - - [04/Nov/2023:09:02:41 +0000] "GET /v1/nba-hotel/hotel/category HTTP/1.1" 200 25 "-" "PostmanRuntime/7.34.0"
::1 - - [04/Nov/2023:09:02:57 +0000] "GET /v1/nba-hotel/hotel/category HTTP/1.1" 200 25 "-" "PostmanRuntime/7.34.0"
::1 - - [04/Nov/2023:09:03:39 +0000] "GET /v1/nba-hotel/hotel/category HTTP/1.1" 200 25 "-" "PostmanRuntime/7.34.0"
::1 - - [04/Nov/2023:09:15:42 +0000] "POST /v1/nba-hotel/hotel/category HTTP/1.1" 404 1679 "-" "PostmanRuntime/7.34.0"
::1 - - [04/Nov/2023:09:18:12 +0000] "POST /v1/nba-hotel/hotel/category HTTP/1.1" 404 1679 "-" "PostmanRuntime/7.34.0"
::1 - - [04/Nov/2023:09:20:41 +0000] "GET /v1/nba-hotel/hotel/category HTTP/1.1" 200 2 "-" "PostmanRuntime/7.34.0"
::1 - - [04/Nov/2023:09:22:11 +0000] "POST /v1/nba-hotel/hotel/category HTTP/1.1" 403 56 "-" "PostmanRuntime/7.34.0"
::1 - - [04/Nov/2023:09:28:49 +0000] "POST /v1/nba-hotel/hotel/category HTTP/1.1" 500 14 "-" "PostmanRuntime/7.34.0"
::1 - - [04/Nov/2023:09:31:27 +0000] "POST /v1/nba-hotel/hotel/category HTTP/1.1" 500 14 "-" "PostmanRuntime/7.34.0"
::1 - - [04/Nov/2023:09:32:38 +0000] "POST /v1/nba-hotel/hotel/category HTTP/1.1" 500 45 "-" "PostmanRuntime/7.34.0"
::1 - - [04/Nov/2023:09:34:19 +0000] "POST /v1/nba-hotel/hotel/category HTTP/1.1" 500 45 "-" "PostmanRuntime/7.34.0"
::1 - - [04/Nov/2023:09:35:15 +0000] "POST /v1/nba-hotel/hotel/category HTTP/1.1" 500 33 "-" "PostmanRuntime/7.34.0"
::1 - - [04/Nov/2023:09:37:44 +0000] "POST /v1/nba-hotel/hotel/category HTTP/1.1" 200 402 "-" "PostmanRuntime/7.34.0"
::1 - - [04/Nov/2023:09:49:32 +0000] "GET /v1/nba-hotel/hotel/category HTTP/1.1" 200 298 "-" "PostmanRuntime/7.34.0"
::1 - - [04/Nov/2023:09:49:55 +0000] "PATCH /v1/nba-hotel/hotel/category/654610e850e5f4e89f19b4c3 HTTP/1.1" 403 56 "-" "PostmanRuntime/7.34.0"
::1 - - [04/Nov/2023:09:50:23 +0000] "PATCH /v1/nba-hotel/hotel/category/654610e850e5f4e89f19b4c3 HTTP/1.1" 500 296 "-" "PostmanRuntime/7.34.0"
::1 - - [04/Nov/2023:09:51:36 +0000] "PATCH /v1/nba-hotel/hotel/category/654610e850e5f4e89f19b4c3 HTTP/1.1" 500 296 "-" "PostmanRuntime/7.34.0"
::1 - - [04/Nov/2023:09:53:59 +0000] "PATCH /v1/nba-hotel/hotel/category/654610e850e5f4e89f19b4c3 HTTP/1.1" 500 296 "-" "PostmanRuntime/7.34.0"
::1 - - [04/Nov/2023:09:54:43 +0000] "PATCH /v1/nba-hotel/hotel/category/654610e850e5f4e89f19b4c3 HTTP/1.1" 500 296 "-" "PostmanRuntime/7.34.0"
::1 - - [04/Nov/2023:09:55:35 +0000] "PATCH /v1/nba-hotel/hotel/category/654610e850e5f4e89f19b4c3 HTTP/1.1" 500 34 "-" "PostmanRuntime/7.34.0"
::1 - - [04/Nov/2023:09:55:52 +0000] "PATCH /v1/nba-hotel/hotel/category/654610e850e5f4e89f19b4c3 HTTP/1.1" 200 366 "-" "PostmanRuntime/7.34.0"
::1 - - [04/Nov/2023:09:56:35 +0000] "POST /v1/nba-hotel/hotel/category HTTP/1.1" 200 123 "-" "PostmanRuntime/7.34.0"
::1 - - [04/Nov/2023:09:56:43 +0000] "POST /v1/nba-hotel/hotel/category HTTP/1.1" 200 111 "-" "PostmanRuntime/7.34.0"
::1 - - [04/Nov/2023:09:57:00 +0000] "GET /v1/nba-hotel/hotel/category HTTP/1.1" 200 604 "-" "PostmanRuntime/7.34.0"
::1 - - [04/Nov/2023:10:04:13 +0000] "DELETE /v1/nba-hotel/hotel/category/6546155b31dce0af4ddf60f3 HTTP/1.1" 500 35 "-" "PostmanRuntime/7.34.0"
::1 - - [04/Nov/2023:10:04:42 +0000] "GET /v1/nba-hotel/hotel/category HTTP/1.1" 200 604 "-" "PostmanRuntime/7.34.0"
::1 - - [04/Nov/2023:10:04:55 +0000] "DELETE /v1/nba-hotel/hotel/category/6546155b31dce0af4ddf60f3 HTTP/1.1" 500 296 "-" "PostmanRuntime/7.34.0"
::1 - - [04/Nov/2023:10:05:16 +0000] "DELETE /v1/nba-hotel/hotel/category/6546155b31dce0af4ddf60f3 HTTP/1.1" 200 111 "-" "PostmanRuntime/7.34.0"
::1 - - [04/Nov/2023:10:05:22 +0000] "GET /v1/nba-hotel/hotel/category HTTP/1.1" 200 492 "-" "PostmanRuntime/7.34.0"
::1 - - [04/Nov/2023:10:16:14 +0000] "GET /v1/nba-hotel/hotel/amenities HTTP/1.1" 200 2 "-" "PostmanRuntime/7.34.0"
::1 - - [04/Nov/2023:10:17:19 +0000] "POST /v1/nba-hotel/hotel/amenities HTTP/1.1" 500 35 "-" "PostmanRuntime/7.34.0"
::1 - - [04/Nov/2023:10:17:50 +0000] "POST /v1/nba-hotel/hotel/amenities HTTP/1.1" 200 105 "-" "PostmanRuntime/7.34.0"
::1 - - [04/Nov/2023:10:17:55 +0000] "POST /v1/nba-hotel/hotel/amenities HTTP/1.1" 200 105 "-" "PostmanRuntime/7.34.0"
::1 - - [04/Nov/2023:10:18:19 +0000] "GET /v1/nba-hotel/hotel/amenities HTTP/1.1" 200 425 "-" "PostmanRuntime/7.34.0"
::1 - - [04/Nov/2023:10:18:56 +0000] "PATCH /v1/nba-hotel/hotel/amenities/65461a5393e0baba1e242fa1 HTTP/1.1" 200 123 "-" "PostmanRuntime/7.34.0"
::1 - - [04/Nov/2023:10:19:04 +0000] "PATCH /v1/nba-hotel/hotel/amenities/65461a5393e0baba1e242fa1 HTTP/1.1" 200 125 "-" "PostmanRuntime/7.34.0"
::1 - - [04/Nov/2023:10:19:09 +0000] "PATCH /v1/nba-hotel/hotel/amenities/65461a5393e0baba1e242fa1 HTTP/1.1" 200 123 "-" "PostmanRuntime/7.34.0"
::1 - - [04/Nov/2023:10:19:21 +0000] "DELETE /v1/nba-hotel/hotel/amenities/641ff711d1920de709600802 HTTP/1.1" 200 0 "-" "PostmanRuntime/7.34.0"
::1 - - [04/Nov/2023:10:19:37 +0000] "GET /v1/nba-hotel/hotel/amenities HTTP/1.1" 200 443 "-" "PostmanRuntime/7.34.0"
::1 - - [04/Nov/2023:10:20:27 +0000] "DELETE /v1/nba-hotel/hotel/amenities/65461a5393e0baba1e242fa1 HTTP/1.1" 200 123 "-" "PostmanRuntime/7.34.0"
::1 - - [04/Nov/2023:10:34:28 +0000] "POST /v1/nba-hotel/hotel/highlight HTTP/1.1" 200 189 "-" "PostmanRuntime/7.34.0"
::1 - - [04/Nov/2023:10:34:29 +0000] "POST /v1/nba-hotel/hotel/highlight HTTP/1.1" 200 189 "-" "PostmanRuntime/7.34.0"
::1 - - [04/Nov/2023:10:34:30 +0000] "POST /v1/nba-hotel/hotel/highlight HTTP/1.1" 200 189 "-" "PostmanRuntime/7.34.0"
::1 - - [04/Nov/2023:10:34:34 +0000] "GET /v1/nba-hotel/hotel/highlight HTTP/1.1" 200 571 "-" "PostmanRuntime/7.34.0"
::1 - - [04/Nov/2023:10:35:21 +0000] "PATCH /v1/nba-hotel/hotel/highlight/65461e364daae314f88b294a HTTP/1.1" 200 183 "-" "PostmanRuntime/7.34.0"
::1 - - [04/Nov/2023:10:35:50 +0000] "GET /v1/nba-hotel/hotel/highlight HTTP/1.1" 200 565 "-" "PostmanRuntime/7.34.0"
::1 - - [04/Nov/2023:10:36:13 +0000] "DELETE /v1/nba-hotel/hotel/highlight/65461e354daae314f88b2948 HTTP/1.1" 200 189 "-" "PostmanRuntime/7.34.0"
::1 - - [04/Nov/2023:10:44:30 +0000] "POST /v1/nba-hotel/hotel/certificate HTTP/1.1" 404 1679 "-" "PostmanRuntime/7.34.0"
::1 - - [04/Nov/2023:10:44:47 +0000] "POST /v1/nba-hotel/hotel/certificate HTTP/1.1" 200 319 "-" "PostmanRuntime/7.34.0"
::1 - - [04/Nov/2023:10:44:49 +0000] "POST /v1/nba-hotel/hotel/certificate HTTP/1.1" 200 319 "-" "PostmanRuntime/7.34.0"
::1 - - [04/Nov/2023:10:44:52 +0000] "POST /v1/nba-hotel/hotel/certificate HTTP/1.1" 200 319 "-" "PostmanRuntime/7.34.0"
::1 - - [04/Nov/2023:10:45:35 +0000] "GET /v1/nba-hotel/hotel/certificate HTTP/1.1" 200 961 "-" "PostmanRuntime/7.34.0"
::1 - - [04/Nov/2023:10:46:30 +0000] "PATCH /v1/nba-hotel/hotel/certificate/654620a1216a4b4713355eff HTTP/1.1" 200 330 "-" "PostmanRuntime/7.34.0"
::1 - - [04/Nov/2023:10:46:40 +0000] "DELETE /v1/nba-hotel/hotel/certificate/654620a4216a4b4713355f01 HTTP/1.1" 200 319 "-" "PostmanRuntime/7.34.0"
::1 - - [06/Nov/2023:02:35:30 +0000] "POST /v1/nba-hotel/signin HTTP/1.1" 200 578 "-" "PostmanRuntime/7.34.0"
::1 - - [06/Nov/2023:02:35:53 +0000] "POST /v1/nba-hotel/signin HTTP/1.1" 200 590 "-" "PostmanRuntime/7.34.0"
::1 - - [06/Nov/2023:02:36:13 +0000] "POST /v1/nba-hotel/signin HTTP/1.1" 200 590 "-" "PostmanRuntime/7.34.0"
::1 - - [06/Nov/2023:02:36:51 +0000] "POST /v1/nba-hotel/hotel/:userId HTTP/1.1" 404 1679 "-" "PostmanRuntime/7.34.0"
::1 - - [06/Nov/2023:02:37:09 +0000] "POST /v1/nba-hotel/hotel/:userId HTTP/1.1" 404 25 "-" "PostmanRuntime/7.34.0"
::1 - - [06/Nov/2023:02:38:45 +0000] "GET /v1/nba-hotel/hotel/category HTTP/1.1" 200 492 "-" "PostmanRuntime/7.34.0"
::1 - - [06/Nov/2023:02:40:56 +0000] "POST /v1/nba-hotel/hotel/:userId HTTP/1.1" 500 14 "-" "PostmanRuntime/7.34.0"
::1 - - [06/Nov/2023:02:41:40 +0000] "POST /v1/nba-hotel/hotel/:userId HTTP/1.1" 500 14 "-" "PostmanRuntime/7.34.0"
::1 - - [06/Nov/2023:02:42:03 +0000] "POST /v1/nba-hotel/hotel/:userId HTTP/1.1" 500 42 "-" "PostmanRuntime/7.34.0"
::1 - - [06/Nov/2023:02:42:17 +0000] "POST /v1/nba-hotel/hotel/:userId HTTP/1.1" 200 1004 "-" "PostmanRuntime/7.34.0"
::1 - - [06/Nov/2023:02:43:01 +0000] "GET /v1/nba-hotel/hotel HTTP/1.1" 200 983 "-" "PostmanRuntime/7.34.0"
::1 - - [06/Nov/2023:02:43:10 +0000] "GET /v1/nba-hotel/hotel/646744f1ee7f2b24993ce68c HTTP/1.1" 200 983 "-" "PostmanRuntime/7.34.0"
::1 - - [06/Nov/2023:02:43:19 +0000] "GET /v1/nba-hotel/hotel/6548528984d15010af924017 HTTP/1.1" 200 983 "-" "PostmanRuntime/7.34.0"
::1 - - [06/Nov/2023:02:44:01 +0000] "PATCH /v1/nba-hotel/hotel/6548528984d15010af924017/:partnerId HTTP/1.1" 403 56 "-" "PostmanRuntime/7.34.0"
::1 - - [06/Nov/2023:02:44:52 +0000] "PATCH /v1/nba-hotel/hotel/6548528984d15010af924017/:partnerId HTTP/1.1" 500 14 "-" "PostmanRuntime/7.34.0"
::1 - - [06/Nov/2023:02:45:21 +0000] "PATCH /v1/nba-hotel/hotel/6548528984d15010af924017/:partnerId HTTP/1.1" 500 46 "-" "PostmanRuntime/7.34.0"
::1 - - [06/Nov/2023:02:46:34 +0000] "PATCH /v1/nba-hotel/hotel/6548528984d15010af924017/:partnerId HTTP/1.1" 200 1535 "-" "PostmanRuntime/7.34.0"
::1 - - [06/Nov/2023:02:46:52 +0000] "POST /v1/nba-hotel/hotel/:userId HTTP/1.1" 200 1004 "-" "PostmanRuntime/7.34.0"
::1 - - [06/Nov/2023:02:46:55 +0000] "GET /v1/nba-hotel/hotel HTTP/1.1" 200 2519 "-" "PostmanRuntime/7.34.0"
::1 - - [06/Nov/2023:02:47:46 +0000] "DELETE /v1/nba-hotel/hotel/6548539ccb89da7967e19053 HTTP/1.1" 200 77 "-" "PostmanRuntime/7.34.0"
::1 - - [06/Nov/2023:03:10:13 +0000] "POST /v1/nba-hotel/room/aircondition HTTP/1.1" 404 1679 "-" "PostmanRuntime/7.34.0"
::1 - - [06/Nov/2023:03:10:24 +0000] "POST /v1/nba-hotel/room/aircondition HTTP/1.1" 200 300 "-" "PostmanRuntime/7.34.0"
::1 - - [06/Nov/2023:03:10:26 +0000] "POST /v1/nba-hotel/room/aircondition HTTP/1.1" 200 300 "-" "PostmanRuntime/7.34.0"
::1 - - [06/Nov/2023:03:10:33 +0000] "GET /v1/nba-hotel/room/aircondition HTTP/1.1" 200 603 "-" "PostmanRuntime/7.34.0"
::1 - - [06/Nov/2023:03:10:58 +0000] "POST /v1/nba-hotel/room/aircondition HTTP/1.1" 200 300 "-" "PostmanRuntime/7.34.0"
::1 - - [06/Nov/2023:03:11:04 +0000] "GET /v1/nba-hotel/room/aircondition HTTP/1.1" 200 904 "-" "PostmanRuntime/7.34.0"
::1 - - [06/Nov/2023:03:13:48 +0000] "PATCH /v1/nba-hotel/room/aircondition/654859225c0930dfecd80b1a HTTP/1.1" 403 56 "-" "PostmanRuntime/7.34.0"
::1 - - [06/Nov/2023:03:15:59 +0000] "PATCH /v1/nba-hotel/room/aircondition/654859225c0930dfecd80b1a HTTP/1.1" 500 296 "-" "PostmanRuntime/7.34.0"
::1 - - [06/Nov/2023:03:19:03 +0000] "PATCH /v1/nba-hotel/room/aircondition/654859225c0930dfecd80b1a HTTP/1.1" 500 296 "-" "PostmanRuntime/7.34.0"
::1 - - [06/Nov/2023:03:19:25 +0000] "PATCH /v1/nba-hotel/room/aircondition/654859225c0930dfecd80b1a HTTP/1.1" - - "-" "PostmanRuntime/7.34.0"
::1 - - [06/Nov/2023:03:20:11 +0000] "PATCH /v1/nba-hotel/room/aircondition/654859225c0930dfecd80b1a HTTP/1.1" - - "-" "PostmanRuntime/7.34.0"
::1 - - [06/Nov/2023:03:20:52 +0000] "PATCH /v1/nba-hotel/room/aircondition/654859225c0930dfecd80b1a HTTP/1.1" 200 231 "-" "PostmanRuntime/7.34.0"
::1 - - [06/Nov/2023:03:22:43 +0000] "GET /v1/nba-hotel/room/aircondition HTTP/1.1" 200 835 "-" "PostmanRuntime/7.34.0"
::1 - - [06/Nov/2023:03:23:05 +0000] "DELETE /v1/nba-hotel/room/aircondition/654859425c0930dfecd80b1d HTTP/1.1" 200 47 "-" "PostmanRuntime/7.34.0"
::1 - - [06/Nov/2023:03:37:38 +0000] "GET /v1/nba-hotel/room/bedtype HTTP/1.1" 200 2 "-" "PostmanRuntime/7.34.0"
::1 - - [06/Nov/2023:03:38:12 +0000] "POST /v1/nba-hotel/room/bedtype HTTP/1.1" 200 141 "-" "PostmanRuntime/7.34.0"
::1 - - [06/Nov/2023:03:38:14 +0000] "POST /v1/nba-hotel/room/bedtype HTTP/1.1" 200 141 "-" "PostmanRuntime/7.34.0"
::1 - - [06/Nov/2023:03:38:15 +0000] "POST /v1/nba-hotel/room/bedtype HTTP/1.1" 200 141 "-" "PostmanRuntime/7.34.0"
::1 - - [06/Nov/2023:03:38:20 +0000] "GET /v1/nba-hotel/room/bedtype HTTP/1.1" 200 427 "-" "PostmanRuntime/7.34.0"
::1 - - [06/Nov/2023:03:40:13 +0000] "PATCH /v1/nba-hotel/room/bedtype/65485fa5bade7de5e17c4f42 HTTP/1.1" 200 202 "-" "PostmanRuntime/7.34.0"
::1 - - [06/Nov/2023:03:41:20 +0000] "DELETE /v1/nba-hotel/room/bedtype/65485fa6bade7de5e17c4f44 HTTP/1.1" 200 84 "-" "PostmanRuntime/7.34.0"
::1 - - [06/Nov/2023:03:50:41 +0000] "POST /v1/nba-hotel/room/bathtype HTTP/1.1" 200 159 "-" "PostmanRuntime/7.34.0"
::1 - - [06/Nov/2023:03:50:43 +0000] "POST /v1/nba-hotel/room/bathtype HTTP/1.1" 200 159 "-" "PostmanRuntime/7.34.0"
::1 - - [06/Nov/2023:03:50:45 +0000] "POST /v1/nba-hotel/room/bathtype HTTP/1.1" 200 159 "-" "PostmanRuntime/7.34.0"
::1 - - [06/Nov/2023:03:50:48 +0000] "GET /v1/nba-hotel/room/bathtype HTTP/1.1" 200 481 "-" "PostmanRuntime/7.34.0"
::1 - - [06/Nov/2023:03:51:35 +0000] "PATCH /v1/nba-hotel/room/bathtype/6548629351cd1570b54e28ee HTTP/1.1" 200 153 "-" "PostmanRuntime/7.34.0"
::1 - - [06/Nov/2023:03:52:06 +0000] "DELETE /v1/nba-hotel/room/bathtype/6548629451cd1570b54e28f0 HTTP/1.1" 200 90 "-" "PostmanRuntime/7.34.0"
::1 - - [06/Nov/2023:04:00:00 +0000] "POST /v1/nba-hotel/room/furnituretype HTTP/1.1" 200 147 "-" "PostmanRuntime/7.34.0"
::1 - - [06/Nov/2023:04:00:02 +0000] "POST /v1/nba-hotel/room/furnituretype HTTP/1.1" 200 147 "-" "PostmanRuntime/7.34.0"
::1 - - [06/Nov/2023:04:00:03 +0000] "POST /v1/nba-hotel/room/furnituretype HTTP/1.1" 200 147 "-" "PostmanRuntime/7.34.0"
::1 - - [06/Nov/2023:04:00:07 +0000] "GET /v1/nba-hotel/room/furnituretype HTTP/1.1" 200 445 "-" "PostmanRuntime/7.34.0"
::1 - - [06/Nov/2023:04:00:46 +0000] "PATCH /v1/nba-hotel/room/furnituretype/654864c1210a28ed1030266a HTTP/1.1" 403 56 "-" "PostmanRuntime/7.34.0"
::1 - - [06/Nov/2023:04:00:53 +0000] "PATCH /v1/nba-hotel/room/furnituretype/654864c1210a28ed1030266a HTTP/1.1" 403 56 "-" "PostmanRuntime/7.34.0"
::1 - - [06/Nov/2023:04:01:29 +0000] "PATCH /v1/nba-hotel/room/furnituretype/654864c1210a28ed1030266a HTTP/1.1" 200 207 "-" "PostmanRuntime/7.34.0"
::1 - - [06/Nov/2023:04:01:33 +0000] "GET /v1/nba-hotel/room/furnituretype HTTP/1.1" 200 505 "-" "PostmanRuntime/7.34.0"
::1 - - [06/Nov/2023:04:01:57 +0000] "DELETE /v1/nba-hotel/room/furnituretype/654864c3210a28ed1030266c HTTP/1.1" 500 67 "-" "PostmanRuntime/7.34.0"
::1 - - [06/Nov/2023:04:02:36 +0000] "DELETE /v1/nba-hotel/room/furnituretype/654864c3210a28ed1030266c HTTP/1.1" 200 78 "-" "PostmanRuntime/7.34.0"
::1 - - [06/Nov/2023:04:10:04 +0000] "POST /v1/nba-hotel/room/amenities HTTP/1.1" 200 172 "-" "PostmanRuntime/7.34.0"
::1 - - [06/Nov/2023:04:10:06 +0000] "POST /v1/nba-hotel/room/amenities HTTP/1.1" 200 172 "-" "PostmanRuntime/7.34.0"
::1 - - [06/Nov/2023:04:10:08 +0000] "POST /v1/nba-hotel/room/amenities HTTP/1.1" 200 172 "-" "PostmanRuntime/7.34.0"
::1 - - [06/Nov/2023:04:10:14 +0000] "GET /v1/nba-hotel/room/amenities HTTP/1.1" 200 520 "-" "PostmanRuntime/7.34.0"
::1 - - [06/Nov/2023:04:10:36 +0000] "PATCH /v1/nba-hotel/room/amenities/6548671e277ff7229a7d6e96 HTTP/1.1" 200 210 "-" "PostmanRuntime/7.34.0"
::1 - - [06/Nov/2023:04:10:53 +0000] "DELETE /v1/nba-hotel/room/amenities/65486720277ff7229a7d6e98 HTTP/1.1" 500 67 "-" "PostmanRuntime/7.34.0"
::1 - - [06/Nov/2023:04:11:21 +0000] "DELETE /v1/nba-hotel/room/amenities/65486720277ff7229a7d6e98 HTTP/1.1" 200 105 "-" "PostmanRuntime/7.34.0"
::1 - - [06/Nov/2023:04:28:20 +0000] "GET /v1/nba-hotel/room/entertainment HTTP/1.1" 200 2 "-" "PostmanRuntime/7.34.0"
::1 - - [06/Nov/2023:04:28:51 +0000] "POST /v1/nba-hotel/room/entertainment HTTP/1.1" 200 266 "-" "PostmanRuntime/7.34.0"
::1 - - [06/Nov/2023:04:28:54 +0000] "POST /v1/nba-hotel/room/entertainment HTTP/1.1" 200 266 "-" "PostmanRuntime/7.34.0"
::1 - - [06/Nov/2023:04:28:56 +0000] "POST /v1/nba-hotel/room/entertainment HTTP/1.1" 200 266 "-" "PostmanRuntime/7.34.0"
::1 - - [06/Nov/2023:04:29:02 +0000] "GET /v1/nba-hotel/room/entertainment HTTP/1.1" 200 802 "-" "PostmanRuntime/7.34.0"
::1 - - [06/Nov/2023:04:29:29 +0000] "PATCH /v1/nba-hotel/room/entertainment/65486b86a2e3b0b2129c0212 HTTP/1.1" 200 233 "-" "PostmanRuntime/7.34.0"
::1 - - [06/Nov/2023:04:29:54 +0000] "DELETE /v1/nba-hotel/room/entertainment/65486b88a2e3b0b2129c0214 HTTP/1.1" 200 78 "-" "PostmanRuntime/7.34.0"
::1 - - [06/Nov/2023:04:30:37 +0000] "POST /v1/nba-hotel/room/status HTTP/1.1" 200 174 "-" "PostmanRuntime/7.34.0"
::1 - - [06/Nov/2023:04:30:39 +0000] "POST /v1/nba-hotel/room/status HTTP/1.1" 200 174 "-" "PostmanRuntime/7.34.0"
::1 - - [06/Nov/2023:04:30:39 +0000] "POST /v1/nba-hotel/room/status HTTP/1.1" 200 174 "-" "PostmanRuntime/7.34.0"
::1 - - [06/Nov/2023:04:30:43 +0000] "GET /v1/nba-hotel/room/status HTTP/1.1" 200 526 "-" "PostmanRuntime/7.34.0"
::1 - - [06/Nov/2023:04:31:21 +0000] "PATCH /v1/nba-hotel/room/status/65486bee1e4d3dfaea1f2997 HTTP/1.1" 200 222 "-" "PostmanRuntime/7.34.0"
::1 - - [06/Nov/2023:04:31:48 +0000] "PATCH /v1/nba-hotel/room/status/65486bee1e4d3dfaea1f2997 HTTP/1.1" 200 183 "-" "PostmanRuntime/7.34.0"
::1 - - [06/Nov/2023:04:31:52 +0000] "GET /v1/nba-hotel/room/status HTTP/1.1" 200 535 "-" "PostmanRuntime/7.34.0"
::1 - - [06/Nov/2023:04:32:04 +0000] "DELETE /v1/nba-hotel/room/status/65486bef1e4d3dfaea1f2999 HTTP/1.1" 403 56 "-" "PostmanRuntime/7.34.0"
::1 - - [06/Nov/2023:04:32:15 +0000] "DELETE /v1/nba-hotel/room/status/65486bef1e4d3dfaea1f2999 HTTP/1.1" 500 67 "-" "PostmanRuntime/7.34.0"
::1 - - [06/Nov/2023:04:32:32 +0000] "DELETE /v1/nba-hotel/room/status/65486bef1e4d3dfaea1f2999 HTTP/1.1" 200 69 "-" "PostmanRuntime/7.34.0"
::1 - - [06/Nov/2023:04:38:27 +0000] "POST /v1/nba-hotel/room/view HTTP/1.1" 200 177 "-" "PostmanRuntime/7.34.0"
::1 - - [06/Nov/2023:04:38:28 +0000] "POST /v1/nba-hotel/room/view HTTP/1.1" 200 177 "-" "PostmanRuntime/7.34.0"
::1 - - [06/Nov/2023:04:38:30 +0000] "POST /v1/nba-hotel/room/view HTTP/1.1" 200 177 "-" "PostmanRuntime/7.34.0"
::1 - - [06/Nov/2023:04:38:42 +0000] "GET /v1/nba-hotel/room/view HTTP/1.1" 200 535 "-" "PostmanRuntime/7.34.0"
::1 - - [06/Nov/2023:04:39:06 +0000] "PATCH /v1/nba-hotel/room/view/65486dc4f7e5f06913f08902 HTTP/1.1" 200 195 "-" "PostmanRuntime/7.34.0"
::1 - - [06/Nov/2023:04:39:30 +0000] "DELETE /v1/nba-hotel/room/view/65486dc5f7e5f06913f08904 HTTP/1.1" 200 63 "-" "PostmanRuntime/7.34.0"
::1 - - [06/Nov/2023:04:49:06 +0000] "POST /v1/nba-hotel/room/service HTTP/1.1" 200 242 "-" "PostmanRuntime/7.34.0"
::1 - - [06/Nov/2023:04:49:08 +0000] "POST /v1/nba-hotel/room/service HTTP/1.1" 200 242 "-" "PostmanRuntime/7.34.0"
::1 - - [06/Nov/2023:04:49:09 +0000] "POST /v1/nba-hotel/room/service HTTP/1.1" 200 242 "-" "PostmanRuntime/7.34.0"
::1 - - [06/Nov/2023:04:49:13 +0000] "GET /v1/nba-hotel/room/service HTTP/1.1" 200 730 "-" "PostmanRuntime/7.34.0"
::1 - - [06/Nov/2023:04:49:46 +0000] "PATCH /v1/nba-hotel/room/service/654870443fb19cfd2e617cb7 HTTP/1.1" 200 260 "-" "PostmanRuntime/7.34.0"
::1 - - [06/Nov/2023:04:50:00 +0000] "DELETE /v1/nba-hotel/room/service/654870453fb19cfd2e617cb9 HTTP/1.1" 403 56 "-" "PostmanRuntime/7.34.0"
::1 - - [06/Nov/2023:04:50:10 +0000] "DELETE /v1/nba-hotel/room/service/654870453fb19cfd2e617cb9 HTTP/1.1" 200 93 "-" "PostmanRuntime/7.34.0"
::1 - - [06/Nov/2023:04:55:57 +0000] "POST /v1/nba-hotel/room/type HTTP/1.1" 200 817 "-" "PostmanRuntime/7.34.0"
::1 - - [06/Nov/2023:04:55:59 +0000] "POST /v1/nba-hotel/room/type HTTP/1.1" 200 817 "-" "PostmanRuntime/7.34.0"
::1 - - [06/Nov/2023:04:56:01 +0000] "POST /v1/nba-hotel/room/type HTTP/1.1" 200 817 "-" "PostmanRuntime/7.34.0"
::1 - - [06/Nov/2023:04:56:05 +0000] "GET /v1/nba-hotel/room/type HTTP/1.1" 200 2455 "-" "PostmanRuntime/7.34.0"
::1 - - [06/Nov/2023:04:56:42 +0000] "PATCH /v1/nba-hotel/room/type/654871df62b4247a6ce11a1a HTTP/1.1" 200 817 "-" "PostmanRuntime/7.34.0"
::1 - - [06/Nov/2023:04:57:09 +0000] "DELETE /v1/nba-hotel/room/type/654871e062b4247a6ce11a1c HTTP/1.1" 200 72 "-" "PostmanRuntime/7.34.0"
::1 - - [06/Nov/2023:05:03:01 +0000] "POST /v1/nba-hotel/room/security HTTP/1.1" 200 141 "-" "PostmanRuntime/7.34.0"
::1 - - [06/Nov/2023:05:03:03 +0000] "POST /v1/nba-hotel/room/security HTTP/1.1" 200 141 "-" "PostmanRuntime/7.34.0"
::1 - - [06/Nov/2023:05:03:05 +0000] "POST /v1/nba-hotel/room/security HTTP/1.1" 200 141 "-" "PostmanRuntime/7.34.0"
::1 - - [06/Nov/2023:05:03:30 +0000] "GET /v1/nba-hotel/room/security HTTP/1.1" 200 427 "-" "PostmanRuntime/7.34.0"
::1 - - [06/Nov/2023:05:03:54 +0000] "PATCH /v1/nba-hotel/room/security/65487387a2643d90f6d6d01c HTTP/1.1" 200 152 "-" "PostmanRuntime/7.34.0"
::1 - - [06/Nov/2023:05:04:13 +0000] "DELETE /v1/nba-hotel/room/security/65487389a2643d90f6d6d01e HTTP/1.1" 403 56 "-" "PostmanRuntime/7.34.0"
::1 - - [06/Nov/2023:05:04:25 +0000] "DELETE /v1/nba-hotel/room/security/65487389a2643d90f6d6d01e HTTP/1.1" 200 87 "-" "PostmanRuntime/7.34.0"
::1 - - [06/Nov/2023:06:13:11 +0000] "POST /v1/nba-hotel/room/hotel/:id HTTP/1.1" 404 30 "-" "PostmanRuntime/7.34.0"
::1 - - [06/Nov/2023:06:13:42 +0000] "GET /v1/nba-hotel/hotel HTTP/1.1" 200 1537 "-" "PostmanRuntime/7.34.0"
::1 - - [06/Nov/2023:06:14:10 +0000] "GET /v1/nba-hotel/room/type HTTP/1.1" 200 1637 "-" "PostmanRuntime/7.34.0"
::1 - - [06/Nov/2023:06:14:51 +0000] "GET /v1/nba-hotel/room/bedtype HTTP/1.1" 200 346 "-" "PostmanRuntime/7.34.0"
::1 - - [06/Nov/2023:06:15:24 +0000] "GET /v1/nba-hotel/room/aircondition HTTP/1.1" 200 534 "-" "PostmanRuntime/7.34.0"
::1 - - [06/Nov/2023:06:17:30 +0000] "GET /v1/nba-hotel/room/view HTTP/1.1" 200 375 "-" "PostmanRuntime/7.34.0"
::1 - - [06/Nov/2023:06:18:31 +0000] "GET /v1/nba-hotel/room/furnituretype HTTP/1.1" 200 357 "-" "PostmanRuntime/7.34.0"
::1 - - [06/Nov/2023:06:18:59 +0000] "GET /v1/nba-hotel/room/service HTTP/1.1" 200 505 "-" "PostmanRuntime/7.34.0"
::1 - - [06/Nov/2023:06:19:43 +0000] "GET /v1/nba-hotel/room/amenities HTTP/1.1" 200 385 "-" "PostmanRuntime/7.34.0"
::1 - - [06/Nov/2023:06:20:05 +0000] "GET /v1/nba-hotel/room/entertainment HTTP/1.1" 200 502 "-" "PostmanRuntime/7.34.0"
::1 - - [06/Nov/2023:06:20:33 +0000] "GET /v1/nba-hotel/room/service HTTP/1.1" 200 505 "-" "PostmanRuntime/7.34.0"
::1 - - [06/Nov/2023:06:20:47 +0000] "GET /v1/nba-hotel/room/security HTTP/1.1" 200 296 "-" "PostmanRuntime/7.34.0"
::1 - - [06/Nov/2023:06:21:06 +0000] "GET /v1/nba-hotel/room/status HTTP/1.1" 200 360 "-" "PostmanRuntime/7.34.0"
::1 - - [06/Nov/2023:06:21:35 +0000] "GET /v1/nba-hotel/room/bathtype HTTP/1.1" 200 315 "-" "PostmanRuntime/7.34.0"
::1 - - [06/Nov/2023:06:21:53 +0000] "POST /v1/nba-hotel/room/hotel/:id HTTP/1.1" 500 338 "-" "PostmanRuntime/7.34.0"
::1 - - [06/Nov/2023:06:27:40 +0000] "POST /v1/nba-hotel/room/hotel/:id HTTP/1.1" 500 364 "-" "PostmanRuntime/7.34.0"
::1 - - [06/Nov/2023:06:28:01 +0000] "POST /v1/nba-hotel/room/hotel/:id HTTP/1.1" 500 364 "-" "PostmanRuntime/7.34.0"
::1 - - [06/Nov/2023:06:30:12 +0000] "POST /v1/nba-hotel/room/hotel/:id HTTP/1.1" 200 3303 "-" "PostmanRuntime/7.34.0"
::1 - - [06/Nov/2023:06:30:25 +0000] "POST /v1/nba-hotel/room/hotel/:id HTTP/1.1" 200 3303 "-" "PostmanRuntime/7.34.0"
::1 - - [06/Nov/2023:06:30:27 +0000] "POST /v1/nba-hotel/room/hotel/:id HTTP/1.1" 200 3303 "-" "PostmanRuntime/7.34.0"
::1 - - [06/Nov/2023:06:30:34 +0000] "GET /v1/nba-hotel/room HTTP/1.1" 403 56 "-" "PostmanRuntime/7.34.0"
::1 - - [06/Nov/2023:06:30:44 +0000] "GET /v1/nba-hotel/room HTTP/1.1" 200 9913 "-" "PostmanRuntime/7.34.0"
::1 - - [06/Nov/2023:06:31:08 +0000] "GET /v1/nba-hotel/room/hotel/6548528984d15010af924017 HTTP/1.1" 200 9913 "-" "PostmanRuntime/7.34.0"
::1 - - [06/Nov/2023:06:31:48 +0000] "GET /v1/nba-hotel/hotel/65488803a4a5a39f0ea1d723/6459f4419bde9253f4112d3b HTTP/1.1" 404 1679 "-" "PostmanRuntime/7.34.0"
::1 - - [06/Nov/2023:06:31:58 +0000] "GET /v1/nba-hotel/hotel/65488803a4a5a39f0ea1d723/65488803a4a5a39f0ea1d723 HTTP/1.1" 404 1679 "-" "PostmanRuntime/7.34.0"
::1 - - [06/Nov/2023:06:32:23 +0000] "GET /v1/nba-hotel/hotel/65488803a4a5a39f0ea1d723/65488803a4a5a39f0ea1d723 HTTP/1.1" 404 1679 "-" "PostmanRuntime/7.34.0"
::1 - - [06/Nov/2023:06:33:44 +0000] "GET /v1/nba-hotel/hotel/65488803a4a5a39f0ea1d723/65488803a4a5a39f0ea1d723 HTTP/1.1" 404 1679 "-" "PostmanRuntime/7.34.0"
::1 - - [06/Nov/2023:08:18:25 +0000] "POST /v1/nba-hotel/role HTTP/1.1" 404 1679 "-" "PostmanRuntime/7.34.0"
::1 - - [06/Nov/2023:08:18:31 +0000] "POST /v1/nba-hotel/role HTTP/1.1" 500 101 "-" "PostmanRuntime/7.34.0"
::1 - - [06/Nov/2023:08:18:45 +0000] "POST /v1/nba-hotel/signin HTTP/1.1" 200 578 "-" "PostmanRuntime/7.34.0"
::1 - - [06/Nov/2023:08:19:09 +0000] "POST /v1/nba-hotel/signin HTTP/1.1" 200 590 "-" "PostmanRuntime/7.34.0"
::1 - - [06/Nov/2023:08:19:31 +0000] "POST /v1/nba-hotel/signin HTTP/1.1" 200 590 "-" "PostmanRuntime/7.34.0"
::1 - - [06/Nov/2023:08:20:01 +0000] "POST /v1/nba-hotel/role HTTP/1.1" 200 137 "-" "PostmanRuntime/7.34.0"
::1 - - [06/Nov/2023:08:20:08 +0000] "POST /v1/nba-hotel/role HTTP/1.1" 200 135 "-" "PostmanRuntime/7.34.0"
::1 - - [06/Nov/2023:08:20:29 +0000] "POST /v1/nba-hotel/role HTTP/1.1" 200 136 "-" "PostmanRuntime/7.34.0"
::1 - - [06/Nov/2023:08:20:36 +0000] "POST /v1/nba-hotel/role HTTP/1.1" 200 136 "-" "PostmanRuntime/7.34.0"
::1 - - [06/Nov/2023:08:21:00 +0000] "GET /v1/nba-hotel/role HTTP/1.1" 200 549 "-" "PostmanRuntime/7.34.0"
::1 - - [06/Nov/2023:08:21:48 +0000] "PATCH /v1/nba-hotel/role/6548a1cce64f6e382b629841 HTTP/1.1" 200 140 "-" "PostmanRuntime/7.34.0"
::1 - - [06/Nov/2023:08:22:03 +0000] "DELETE /v1/nba-hotel/role/6548a1cce64f6e382b629841 HTTP/1.1" 200 46 "-" "PostmanRuntime/7.34.0"
::1 - - [06/Nov/2023:08:27:00 +0000] "POST /v1/nba-hotel/booking HTTP/1.1" 404 1679 "-" "PostmanRuntime/7.34.0"
::1 - - [06/Nov/2023:09:54:50 +0000] "POST /v1/nba-hotel/signup/member HTTP/1.1" 400 106 "-" "PostmanRuntime/7.34.0"
::1 - - [06/Nov/2023:09:54:58 +0000] "POST /v1/nba-hotel/signup/member HTTP/1.1" 400 109 "-" "PostmanRuntime/7.34.0"
::1 - - [06/Nov/2023:09:55:48 +0000] "POST /v1/nba-hotel/signup/member HTTP/1.1" 400 113 "-" "PostmanRuntime/7.34.0"
::1 - - [06/Nov/2023:09:56:24 +0000] "POST /v1/nba-hotel/signup/member HTTP/1.1" 400 113 "-" "PostmanRuntime/7.34.0"
::1 - - [06/Nov/2023:09:58:03 +0000] "POST /v1/nba-hotel/signup/member HTTP/1.1" 400 113 "-" "PostmanRuntime/7.34.0"
::1 - - [06/Nov/2023:09:59:06 +0000] "POST /v1/nba-hotel/signup/member HTTP/1.1" 200 402 "-" "PostmanRuntime/7.34.0"
::1 - - [07/Nov/2023:03:11:23 +0000] "POST /v1/nba-hotel/signin HTTP/1.1" 400 43 "-" "PostmanRuntime/7.34.0"
::1 - - [07/Nov/2023:03:12:02 +0000] "POST /v1/nba-hotel/signin HTTP/1.1" 200 578 "-" "PostmanRuntime/7.34.0"
::1 - - [07/Nov/2023:03:13:36 +0000] "POST /v1/nba-hotel/signup/partner HTTP/1.1" 200 549 "-" "PostmanRuntime/7.34.0"
::1 - - [07/Nov/2023:03:16:09 +0000] "POST /v1/nba-hotel/signin HTTP/1.1" 500 171 "-" "PostmanRuntime/7.34.0"
::1 - - [07/Nov/2023:03:17:22 +0000] "GET /v1/nba-hotel/partner HTTP/1.1" 200 466 "-" "PostmanRuntime/7.34.0"
::1 - - [07/Nov/2023:03:17:41 +0000] "PUT /v1/nba-hotel/partner/approve/6549ab60571927db38729fd7 HTTP/1.1" 200 666 "-" "PostmanRuntime/7.34.0"
::1 - - [07/Nov/2023:03:17:47 +0000] "POST /v1/nba-hotel/signin HTTP/1.1" 200 583 "-" "PostmanRuntime/7.34.0"
::1 - - [07/Nov/2023:03:26:57 +0000] "POST /v1/nba-hotel/signin HTTP/1.1" 200 590 "-" "PostmanRuntime/7.34.0"
::1 - - [07/Nov/2023:03:34:52 +0000] "GET /v1/nba-hotel/member/ HTTP/1.1" 500 101 "-" "PostmanRuntime/7.34.0"
::1 - - [07/Nov/2023:03:35:10 +0000] "GET /v1/nba-hotel/member/ HTTP/1.1" 400 104 "-" "PostmanRuntime/7.34.0"
::1 - - [07/Nov/2023:03:35:22 +0000] "GET /v1/nba-hotel/member/ HTTP/1.1" 200 1496 "-" "PostmanRuntime/7.34.0"
::1 - - [07/Nov/2023:03:36:27 +0000] "GET /v1/nba-hotel/room HTTP/1.1" 200 9913 "-" "PostmanRuntime/7.34.0"
::1 - - [07/Nov/2023:03:37:28 +0000] "POST /v1/nba-hotel/booking/ HTTP/1.1" 500 56 "-" "PostmanRuntime/7.34.0"
::1 - - [07/Nov/2023:03:37:41 +0000] "POST /v1/nba-hotel/booking/ HTTP/1.1" 500 56 "-" "PostmanRuntime/7.34.0"
::1 - - [07/Nov/2023:03:38:32 +0000] "POST /v1/nba-hotel/booking/ HTTP/1.1" 500 56 "-" "PostmanRuntime/7.34.0"
::1 - - [07/Nov/2023:03:38:45 +0000] "POST /v1/nba-hotel/booking/ HTTP/1.1" 500 56 "-" "PostmanRuntime/7.34.0"
::1 - - [07/Nov/2023:03:40:13 +0000] "POST /v1/nba-hotel/booking/ HTTP/1.1" 500 42 "-" "PostmanRuntime/7.34.0"
::1 - - [07/Nov/2023:03:41:45 +0000] "POST /v1/nba-hotel/booking/ HTTP/1.1" 200 467 "-" "PostmanRuntime/7.34.0"
::1 - - [07/Nov/2023:03:49:15 +0000] "GET /v1/nba-hotel/booking/ HTTP/1.1" 404 1679 "-" "PostmanRuntime/7.34.0"
::1 - - [07/Nov/2023:03:49:39 +0000] "GET /v1/nba-hotel/booking/ HTTP/1.1" 200 469 "-" "PostmanRuntime/7.34.0"
::1 - - [07/Nov/2023:04:13:19 +0000] "GET /v1/nba-hotel/booking/6549b1f9504b67d0fff7c820 HTTP/1.1" 200 469 "-" "PostmanRuntime/7.34.0"
::1 - - [07/Nov/2023:04:14:29 +0000] "GET /v1/nba-hotel/booking/hotel/646744f1ee7f2b24993c HTTP/1.1" 200 2 "-" "PostmanRuntime/7.34.0"
::1 - - [07/Nov/2023:04:14:48 +0000] "GET /v1/nba-hotel/booking/hotel/6548528984d15010af924017 HTTP/1.1" 200 469 "-" "PostmanRuntime/7.34.0"
::1 - - [07/Nov/2023:04:16:02 +0000] "GET /v1/nba-hotel/booking/room/6548528984d15010af924017 HTTP/1.1" 200 2 "-" "PostmanRuntime/7.34.0"
::1 - - [07/Nov/2023:04:16:17 +0000] "GET /v1/nba-hotel/booking/room/654887f4a4a5a39f0ea1d6f5 HTTP/1.1" 200 469 "-" "PostmanRuntime/7.34.0"
::1 - - [07/Nov/2023:04:17:19 +0000] "GET /v1/nba-hotel/booking/member/6548528984d15010af924017 HTTP/1.1" 200 2 "-" "PostmanRuntime/7.34.0"
::1 - - [07/Nov/2023:04:17:34 +0000] "GET /v1/nba-hotel/booking/member/6543780a972568939a2fac57 HTTP/1.1" 200 2 "-" "PostmanRuntime/7.34.0"
::1 - - [07/Nov/2023:04:17:38 +0000] "GET /v1/nba-hotel/booking/member/6543780a972568939a2fac57 HTTP/1.1" 200 2 "-" "PostmanRuntime/7.34.0"
::1 - - [07/Nov/2023:04:17:50 +0000] "GET /v1/nba-hotel/booking/member/6543780a972568939a2fac57 HTTP/1.1" 200 2 "-" "PostmanRuntime/7.34.0"
::1 - - [07/Nov/2023:04:18:29 +0000] "GET /v1/nba-hotel/booking/member/6543780a972568939a2fac57 HTTP/1.1" 200 469 "-" "PostmanRuntime/7.34.0"
::1 - - [07/Nov/2023:04:22:53 +0000] "GET /v1/nba-hotel/booking/member/6543780a972568939a2fac57 HTTP/1.1" 200 469 "-" "PostmanRuntime/7.34.0"
::1 - - [07/Nov/2023:04:49:26 +0000] "PUT /v1/nba-hotel/booking/AcceptBooking/6549b1f9504b67d0fff7c820 HTTP/1.1" 404 1679 "-" "PostmanRuntime/7.34.0"
::1 - - [07/Nov/2023:04:49:44 +0000] "PUT /v1/nba-hotel/booking/AcceptBooking/6549b1f9504b67d0fff7c820 HTTP/1.1" 500 87 "-" "PostmanRuntime/7.34.0"
::1 - - [07/Nov/2023:04:50:11 +0000] "PUT /v1/nba-hotel/booking/AcceptBooking/6549b1f9504b67d0fff7c820 HTTP/1.1" 200 724 "-" "PostmanRuntime/7.34.0"
::1 - - [07/Nov/2023:04:50:55 +0000] "PUT /v1/nba-hotel/booking/AcceptBooking/6549b1f9504b67d0fff7c820 HTTP/1.1" 200 848 "-" "PostmanRuntime/7.34.0"
::1 - - [07/Nov/2023:07:04:18 +0000] "GET /v1/nba-hotel/booking/6549b1f9504b67d0fff7c820 HTTP/1.1" 200 668 "-" "PostmanRuntime/7.34.0"
::1 - - [07/Nov/2023:07:16:42 +0000] "POST /v1/nba-hotel/booking/ HTTP/1.1" 200 467 "-" "PostmanRuntime/7.34.0"
::1 - - [07/Nov/2023:07:17:04 +0000] "GET /v1/nba-hotel/booking/ HTTP/1.1" 200 469 "-" "PostmanRuntime/7.34.0"
::1 - - [07/Nov/2023:07:17:44 +0000] "PUT /v1/nba-hotel/booking/AcceptBooking/6549e45a3c762e691beb5b87 HTTP/1.1" 200 773 "-" "PostmanRuntime/7.34.0"
::1 - - [07/Nov/2023:07:18:01 +0000] "GET /v1/nba-hotel/booking/ HTTP/1.1" 500 101 "-" "PostmanRuntime/7.34.0"
::1 - - [07/Nov/2023:07:18:38 +0000] "POST /v1/nba-hotel/signin HTTP/1.1" 200 583 "-" "PostmanRuntime/7.34.0"
::1 - - [07/Nov/2023:07:19:20 +0000] "POST /v1/nba-hotel/signin HTTP/1.1" 200 590 "-" "PostmanRuntime/7.34.0"
::1 - - [07/Nov/2023:07:19:53 +0000] "POST /v1/nba-hotel/signin HTTP/1.1" 200 578 "-" "PostmanRuntime/7.34.0"
::1 - - [07/Nov/2023:07:20:23 +0000] "GET /v1/nba-hotel/booking/ HTTP/1.1" 200 593 "-" "PostmanRuntime/7.34.0"
::1 - - [07/Nov/2023:07:25:13 +0000] "GET /v1/nba-hotel/booking/ HTTP/1.1" 200 593 "-" "PostmanRuntime/7.34.0"
::1 - - [07/Nov/2023:07:25:43 +0000] "PUT /v1/nba-hotel/booking/AcceptBooking/6549e45a3c762e691beb5b87 HTTP/1.1" 200 897 "-" "PostmanRuntime/7.34.0"
::1 - - [07/Nov/2023:07:26:50 +0000] "PUT /v1/nba-hotel/booking/paymentBooking/:id HTTP/1.1" 404 1679 "-" "PostmanRuntime/7.34.0"
::1 - - [07/Nov/2023:07:27:01 +0000] "PUT /v1/nba-hotel/booking/paymentBooking/:id HTTP/1.1" 500 107 "-" "PostmanRuntime/7.34.0"
::1 - - [07/Nov/2023:07:27:36 +0000] "PUT /v1/nba-hotel/booking/paymentBooking/:id HTTP/1.1" 500 107 "-" "PostmanRuntime/7.34.0"
::1 - - [07/Nov/2023:07:28:10 +0000] "PUT /v1/nba-hotel/booking/paymentBooking/6549e45a3c762e691beb5b87 HTTP/1.1" 500 39 "-" "PostmanRuntime/7.34.0"
::1 - - [07/Nov/2023:07:28:57 +0000] "PUT /v1/nba-hotel/booking/paymentBooking/6549e45a3c762e691beb5b87 HTTP/1.1" 500 39 "-" "PostmanRuntime/7.34.0"
::1 - - [07/Nov/2023:07:29:23 +0000] "PUT /v1/nba-hotel/booking/paymentBooking/6549e45a3c762e691beb5b87 HTTP/1.1" 500 39 "-" "PostmanRuntime/7.34.0"
::1 - - [07/Nov/2023:07:29:33 +0000] "PUT /v1/nba-hotel/booking/paymentBooking/6549e45a3c762e691beb5b87 HTTP/1.1" 500 39 "-" "PostmanRuntime/7.34.0"
::1 - - [07/Nov/2023:07:29:47 +0000] "PUT /v1/nba-hotel/booking/paymentBooking/6549e45a3c762e691beb5b87 HTTP/1.1" 500 39 "-" "PostmanRuntime/7.34.0"
::1 - - [07/Nov/2023:07:30:39 +0000] "PUT /v1/nba-hotel/booking/paymentBooking/6549e45a3c762e691beb5b87 HTTP/1.1" 500 39 "-" "PostmanRuntime/7.34.0"
::1 - - [07/Nov/2023:07:31:06 +0000] "PUT /v1/nba-hotel/booking/paymentBooking/6549e45a3c762e691beb5b87 HTTP/1.1" 500 39 "-" "PostmanRuntime/7.34.0"
::1 - - [07/Nov/2023:07:36:11 +0000] "PUT /v1/nba-hotel/booking/paymentBooking/6549e45a3c762e691beb5b87 HTTP/1.1" 500 42 "-" "PostmanRuntime/7.34.0"
::1 - - [07/Nov/2023:07:37:25 +0000] "PUT /v1/nba-hotel/booking/paymentBooking/6549e45a3c762e691beb5b87 HTTP/1.1" 500 42 "-" "PostmanRuntime/7.34.0"
::1 - - [07/Nov/2023:07:37:38 +0000] "PUT /v1/nba-hotel/booking/paymentBooking/6549e45a3c762e691beb5b87 HTTP/1.1" 500 42 "-" "PostmanRuntime/7.34.0"
::1 - - [07/Nov/2023:07:38:15 +0000] "PUT /v1/nba-hotel/booking/paymentBooking/6549e45a3c762e691beb5b87 HTTP/1.1" 500 204 "-" "PostmanRuntime/7.34.0"
::1 - - [07/Nov/2023:07:40:09 +0000] "PUT /v1/nba-hotel/booking/paymentBooking/6549e45a3c762e691beb5b87 HTTP/1.1" 500 204 "-" "PostmanRuntime/7.34.0"
::1 - - [07/Nov/2023:07:40:11 +0000] "PUT /v1/nba-hotel/booking/paymentBooking/6549e45a3c762e691beb5b87 HTTP/1.1" 500 204 "-" "PostmanRuntime/7.34.0"
::1 - - [07/Nov/2023:07:40:12 +0000] "PUT /v1/nba-hotel/booking/paymentBooking/6549e45a3c762e691beb5b87 HTTP/1.1" 500 204 "-" "PostmanRuntime/7.34.0"
::1 - - [07/Nov/2023:07:40:13 +0000] "PUT /v1/nba-hotel/booking/paymentBooking/6549e45a3c762e691beb5b87 HTTP/1.1" 500 204 "-" "PostmanRuntime/7.34.0"
::1 - - [07/Nov/2023:07:40:29 +0000] "PUT /v1/nba-hotel/booking/paymentBooking/6549e45a3c762e691beb5b87 HTTP/1.1" 500 33 "-" "PostmanRuntime/7.34.0"
::1 - - [07/Nov/2023:07:41:05 +0000] "PUT /v1/nba-hotel/booking/paymentBooking/6549e45a3c762e691beb5b87 HTTP/1.1" 500 156 "-" "PostmanRuntime/7.34.0"
::1 - - [07/Nov/2023:07:42:01 +0000] "PUT /v1/nba-hotel/booking/paymentBooking/6549e45a3c762e691beb5b87 HTTP/1.1" 200 2009 "-" "PostmanRuntime/7.34.0"
::1 - - [07/Nov/2023:08:02:20 +0000] "PUT /v1/nba-hotel/booking/confirmBookingPayment/6549e45a3c762e691beb5b87 HTTP/1.1" 200 2113 "-" "PostmanRuntime/7.34.0"
::1 - - [07/Nov/2023:08:28:52 +0000] "POST /v1/nba-hotel/booking/ HTTP/1.1" 500 121 "-" "PostmanRuntime/7.34.0"
::1 - - [07/Nov/2023:08:30:10 +0000] "POST /v1/nba-hotel/booking/ HTTP/1.1" 200 467 "-" "PostmanRuntime/7.34.0"
::1 - - [07/Nov/2023:08:30:12 +0000] "POST /v1/nba-hotel/booking/ HTTP/1.1" 200 467 "-" "PostmanRuntime/7.34.0"
::1 - - [07/Nov/2023:08:30:15 +0000] "POST /v1/nba-hotel/booking/ HTTP/1.1" 200 467 "-" "PostmanRuntime/7.34.0"
::1 - - [07/Nov/2023:08:30:26 +0000] "GET /v1/nba-hotel/booking/ HTTP/1.1" 200 2635 "-" "PostmanRuntime/7.34.0"
::1 - - [07/Nov/2023:08:31:45 +0000] "PUT /v1/nba-hotel/booking/AcceptBooking/6549f592597fc3174855025c HTTP/1.1" 200 773 "-" "PostmanRuntime/7.34.0"
::1 - - [07/Nov/2023:08:32:11 +0000] "PUT /v1/nba-hotel/booking/paymentBooking/6549f592597fc3174855025c HTTP/1.1" 200 1740 "-" "PostmanRuntime/7.34.0"
::1 - - [07/Nov/2023:08:32:23 +0000] "PUT /v1/nba-hotel/booking/confirmBookingPayment/6549f592597fc3174855025c HTTP/1.1" 200 1348 "-" "PostmanRuntime/7.34.0"
::1 - - [07/Nov/2023:08:34:38 +0000] "PUT /v1/nba-hotel/booking/confirmBookingPayment/6549f592597fc3174855025c HTTP/1.1" - - "-" "PostmanRuntime/7.34.0"
::1 - - [07/Nov/2023:08:40:52 +0000] "PUT /v1/nba-hotel/booking/UnacceptBooking/6549f596597fc3174855026c HTTP/1.1" 200 815 "-" "PostmanRuntime/7.34.0"
::1 - - [07/Nov/2023:08:44:42 +0000] "PUT /v1/nba-hotel/booking/AcceptBooking/6549f594597fc31748550264 HTTP/1.1" 200 773 "-" "PostmanRuntime/7.34.0"
::1 - - [07/Nov/2023:08:44:54 +0000] "PUT /v1/nba-hotel/booking/paymentBooking/6549f594597fc31748550264 HTTP/1.1" 200 1740 "-" "PostmanRuntime/7.34.0"
::1 - - [07/Nov/2023:08:45:02 +0000] "PUT /v1/nba-hotel/booking/Unconfirmbookingpayment/6549f594597fc31748550264 HTTP/1.1" 200 1348 "-" "PostmanRuntime/7.34.0"
::1 - - [07/Nov/2023:08:52:48 +0000] "GET /v1/nba-hotel/room HTTP/1.1" 200 9913 "-" "PostmanRuntime/7.34.0"
::1 - - [08/Nov/2023:02:33:48 +0000] "POST /v1/nba-hotel/signin HTTP/1.1" 200 578 "-" "PostmanRuntime/7.34.0"
::1 - - [08/Nov/2023:02:34:42 +0000] "POST /v1/nba-hotel/signin HTTP/1.1" 200 583 "-" "PostmanRuntime/7.34.0"
::1 - - [08/Nov/2023:02:35:28 +0000] "POST /v1/nba-hotel/signin HTTP/1.1" 200 590 "-" "PostmanRuntime/7.34.0"
::1 - - [08/Nov/2023:02:36:30 +0000] "POST /v1/nba-hotel/hotel/ HTTP/1.1" 404 1679 "-" "PostmanRuntime/7.34.0"
::1 - - [08/Nov/2023:02:37:02 +0000] "POST /v1/nba-hotel/hotel/ HTTP/1.1" 500 32 "-" "PostmanRuntime/7.34.0"
::1 - - [08/Nov/2023:02:38:40 +0000] "POST /v1/nba-hotel/hotel/ HTTP/1.1" 400 104 "-" "PostmanRuntime/7.34.0"
::1 - - [08/Nov/2023:02:39:07 +0000] "POST /v1/nba-hotel/hotel/ HTTP/1.1" - - "-" "PostmanRuntime/7.34.0"
::1 - - [08/Nov/2023:02:47:22 +0000] "POST /v1/nba-hotel/hotel/ HTTP/1.1" 200 1045 "-" "PostmanRuntime/7.34.0"
::1 - - [08/Nov/2023:02:51:55 +0000] "GET /v1/nba-hotel/hotel/test/ HTTP/1.1" 200 2560 "-" "PostmanRuntime/7.34.0"
::1 - - [08/Nov/2023:02:52:37 +0000] "GET /v1/nba-hotel/hotel/test/ HTTP/1.1" 200 2560 "-" "PostmanRuntime/7.34.0"
::1 - - [08/Nov/2023:02:53:26 +0000] "GET /v1/nba-hotel/hotel/test/ HTTP/1.1" 200 2560 "-" "PostmanRuntime/7.34.0"
::1 - - [08/Nov/2023:02:53:45 +0000] "GET /v1/nba-hotel/hotel/test/ HTTP/1.1" 200 2560 "-" "PostmanRuntime/7.34.0"
::1 - - [08/Nov/2023:02:54:09 +0000] "GET /v1/nba-hotel/hotel/test/ HTTP/1.1" 200 2560 "-" "PostmanRuntime/7.34.0"
::1 - - [08/Nov/2023:02:54:40 +0000] "GET /v1/nba-hotel/hotel/test/ HTTP/1.1" 200 2560 "-" "PostmanRuntime/7.34.0"
::1 - - [08/Nov/2023:02:55:04 +0000] "GET /v1/nba-hotel/hotel/test/ HTTP/1.1" 200 2560 "-" "PostmanRuntime/7.34.0"
::1 - - [08/Nov/2023:02:55:44 +0000] "GET /v1/nba-hotel/hotel/654af6babcf060b0f5b92331 HTTP/1.1" 200 2560 "-" "PostmanRuntime/7.34.0"
::1 - - [08/Nov/2023:02:57:53 +0000] "POST /v1/nba-hotel/hotel/ HTTP/1.1" 200 1044 "-" "PostmanRuntime/7.34.0"
::1 - - [08/Nov/2023:02:59:28 +0000] "POST /v1/nba-hotel/hotel/ HTTP/1.1" 500 136 "-" "PostmanRuntime/7.34.0"
::1 - - [08/Nov/2023:03:00:03 +0000] "POST /v1/nba-hotel/hotel/ HTTP/1.1" 200 1044 "-" "PostmanRuntime/7.34.0"
::1 - - [08/Nov/2023:03:00:34 +0000] "GET /v1/nba-hotel/hotel/6548528984d15010af924017 HTTP/1.1" 200 3068 "-" "PostmanRuntime/7.34.0"
::1 - - [08/Nov/2023:03:01:48 +0000] "GET /v1/nba-hotel/hotel/test/ HTTP/1.1" 200 3068 "-" "PostmanRuntime/7.34.0"
::1 - - [08/Nov/2023:03:02:01 +0000] "GET /v1/nba-hotel/hotel/test/ HTTP/1.1" 200 3068 "-" "PostmanRuntime/7.34.0"
::1 - - [08/Nov/2023:03:02:27 +0000] "GET /v1/nba-hotel/hotel/test/ HTTP/1.1" 200 3068 "-" "PostmanRuntime/7.34.0"
::1 - - [08/Nov/2023:03:02:43 +0000] "GET /v1/nba-hotel/hotel/test/ HTTP/1.1" 200 3068 "-" "PostmanRuntime/7.34.0"
::1 - - [08/Nov/2023:03:02:54 +0000] "GET /v1/nba-hotel/hotel/test/ HTTP/1.1" 200 3068 "-" "PostmanRuntime/7.34.0"
::1 - - [08/Nov/2023:03:03:24 +0000] "GET /v1/nba-hotel/hotel/test/ HTTP/1.1" 200 3068 "-" "PostmanRuntime/7.34.0"
::1 - - [08/Nov/2023:03:03:26 +0000] "GET /v1/nba-hotel/hotel/test/ HTTP/1.1" 200 3068 "-" "PostmanRuntime/7.34.0"
::1 - - [08/Nov/2023:03:04:21 +0000] "GET /v1/nba-hotel/hotel/test/ HTTP/1.1" 200 3068 "-" "PostmanRuntime/7.34.0"
::1 - - [08/Nov/2023:03:05:11 +0000] "GET /v1/nba-hotel/hotel/test/ HTTP/1.1" 200 1022 "-" "PostmanRuntime/7.34.0"
::1 - - [08/Nov/2023:03:05:45 +0000] "GET /v1/nba-hotel/hotel/6548528984d15010af924017 HTTP/1.1" 200 3068 "-" "PostmanRuntime/7.34.0"
::1 - - [08/Nov/2023:03:06:30 +0000] "GET /v1/nba-hotel/hotel/6548528984d15010af924017 HTTP/1.1" 200 3068 "-" "PostmanRuntime/7.34.0"
::1 - - [08/Nov/2023:03:07:00 +0000] "GET /v1/nba-hotel/hotel/6548528984d15010af924017 HTTP/1.1" 200 3068 "-" "PostmanRuntime/7.34.0"
::1 - - [08/Nov/2023:03:07:01 +0000] "GET /v1/nba-hotel/hotel/6548528984d15010af924017 HTTP/1.1" 200 3068 "-" "PostmanRuntime/7.34.0"
::1 - - [08/Nov/2023:03:07:35 +0000] "GET /v1/nba-hotel/hotel/test/:id HTTP/1.1" 200 1022 "-" "PostmanRuntime/7.34.0"
::1 - - [08/Nov/2023:03:07:42 +0000] "GET /v1/nba-hotel/hotel/6548528984d15010af924017 HTTP/1.1" 200 3068 "-" "PostmanRuntime/7.34.0"
::1 - - [08/Nov/2023:03:07:44 +0000] "GET /v1/nba-hotel/hotel/6548528984d15010af924017 HTTP/1.1" 200 3068 "-" "PostmanRuntime/7.34.0"
::1 - - [08/Nov/2023:03:11:01 +0000] "GET /v1/nba-hotel/hotel/test/:id HTTP/1.1" 200 1022 "-" "PostmanRuntime/7.34.0"
::1 - - [08/Nov/2023:03:11:06 +0000] "GET /v1/nba-hotel/hotel/6548528984d15010af924017 HTTP/1.1" 200 3068 "-" "PostmanRuntime/7.34.0"
::1 - - [08/Nov/2023:03:11:08 +0000] "GET /v1/nba-hotel/hotel/6548528984d15010af924017 HTTP/1.1" 200 3068 "-" "PostmanRuntime/7.34.0"
::1 - - [08/Nov/2023:03:11:09 +0000] "GET /v1/nba-hotel/hotel/6548528984d15010af924017 HTTP/1.1" 200 3068 "-" "PostmanRuntime/7.34.0"
::1 - - [08/Nov/2023:03:11:11 +0000] "GET /v1/nba-hotel/hotel/6548528984d15010af924017 HTTP/1.1" 200 3068 "-" "PostmanRuntime/7.34.0"
::1 - - [08/Nov/2023:03:11:24 +0000] "GET /v1/nba-hotel/hotel/6548528984d15010af924017 HTTP/1.1" 200 3068 "-" "PostmanRuntime/7.34.0"
::1 - - [08/Nov/2023:03:11:36 +0000] "GET /v1/nba-hotel/hotel/test/:id HTTP/1.1" 404 1679 "-" "PostmanRuntime/7.34.0"
::1 - - [08/Nov/2023:03:11:53 +0000] "GET /v1/nba-hotel/hotel/test/:id HTTP/1.1" 200 1022 "-" "PostmanRuntime/7.34.0"
::1 - - [08/Nov/2023:03:12:11 +0000] "GET /v1/nba-hotel/hotel/6548528984d15010af924017 HTTP/1.1" 404 1679 "-" "PostmanRuntime/7.34.0"
::1 - - [08/Nov/2023:03:12:21 +0000] "GET /v1/nba-hotel/hotel/6548528984d15010af924017 HTTP/1.1" 404 1679 "-" "PostmanRuntime/7.34.0"
::1 - - [08/Nov/2023:03:12:39 +0000] "GET /v1/nba-hotel/hotel/6548528984d15010af924017 HTTP/1.1" 200 3068 "-" "PostmanRuntime/7.34.0"
- - - [08/Nov/2023:03:12:56 +0000] "GET /v1/nba-hotel/hotel/6548528984d15010af924017 HTTP/1.1" - - "-" "PostmanRuntime/7.34.0"
::1 - - [08/Nov/2023:03:13:04 +0000] "GET /v1/nba-hotel/hotel/test/:id HTTP/1.1" 200 1022 "-" "PostmanRuntime/7.34.0"
::1 - - [08/Nov/2023:03:13:38 +0000] "GET /v1/nba-hotel/hotel/test/:id HTTP/1.1" 500 14 "-" "PostmanRuntime/7.34.0"
::1 - - [08/Nov/2023:03:13:48 +0000] "GET /v1/nba-hotel/hotel/test/:id HTTP/1.1" 500 14 "-" "PostmanRuntime/7.34.0"
::1 - - [08/Nov/2023:03:13:51 +0000] "GET /v1/nba-hotel/hotel/test/:id HTTP/1.1" 500 14 "-" "PostmanRuntime/7.34.0"
::1 - - [08/Nov/2023:03:14:32 +0000] "GET /v1/nba-hotel/hotel/test/:id HTTP/1.1" 500 101 "-" "PostmanRuntime/7.34.0"
::1 - - [08/Nov/2023:03:14:44 +0000] "GET /v1/nba-hotel/hotel/test/:id HTTP/1.1" 500 133 "-" "PostmanRuntime/7.34.0"
::1 - - [08/Nov/2023:03:15:16 +0000] "GET /v1/nba-hotel/hotel/test/:id HTTP/1.1" 500 101 "-" "PostmanRuntime/7.34.0"
::1 - - [08/Nov/2023:03:17:00 +0000] "GET /v1/nba-hotel/hotel/test/:id HTTP/1.1" 500 100 "-" "PostmanRuntime/7.34.0"
::1 - - [08/Nov/2023:03:18:31 +0000] "GET /v1/nba-hotel/hotel/test/:id HTTP/1.1" 500 101 "-" "PostmanRuntime/7.34.0"
::1 - - [08/Nov/2023:03:19:04 +0000] "GET /v1/nba-hotel/hotel/test/:id HTTP/1.1" 200 1551 "-" "PostmanRuntime/7.34.0"
::1 - - [08/Nov/2023:04:13:08 +0000] "POST /v1/nba-hotel/booking/ HTTP/1.1" 200 429 "-" "PostmanRuntime/7.34.0"
::1 - - [08/Nov/2023:04:13:36 +0000] "GET /v1/nba-hotel/booking/ HTTP/1.1" 200 3990 "-" "PostmanRuntime/7.34.0"
::1 - - [08/Nov/2023:04:14:54 +0000] "GET /v1/nba-hotel/booking/654b0ad4c3b7cac36e8faba1 HTTP/1.1" 200 3990 "-" "PostmanRuntime/7.34.0"
::1 - - [08/Nov/2023:04:15:59 +0000] "GET /v1/nba-hotel/booking/room/654887f4a4a5a39f0ea1d6f5 HTTP/1.1" 200 3990 "-" "PostmanRuntime/7.34.0"
::1 - - [08/Nov/2023:04:17:10 +0000] "GET /v1/nba-hotel/booking/ HTTP/1.1" 200 3990 "-" "PostmanRuntime/7.34.0"
::1 - - [08/Nov/2023:04:17:36 +0000] "GET /v1/nba-hotel/booking/654b0ad4c3b7cac36e8faba1 HTTP/1.1" 200 3990 "-" "PostmanRuntime/7.34.0"
::1 - - [08/Nov/2023:04:18:11 +0000] "GET /v1/nba-hotel/booking/room/654887f4a4a5a39f0ea1d6f5 HTTP/1.1" 200 3990 "-" "PostmanRuntime/7.34.0"
::1 - - [08/Nov/2023:04:18:37 +0000] "GET /v1/nba-hotel/booking/member/6543780a972568939a2fac57 HTTP/1.1" 200 3990 "-" "PostmanRuntime/7.34.0"
::1 - - [08/Nov/2023:04:20:18 +0000] "GET /v1/nba-hotel/booking/hotel/6548528984d15010af924017 HTTP/1.1" 500 133 "-" "PostmanRuntime/7.34.0"
::1 - - [08/Nov/2023:04:26:14 +0000] "GET /v1/nba-hotel/booking/ HTTP/1.1" 200 721 "-" "PostmanRuntime/7.34.0"
::1 - - [08/Nov/2023:04:26:35 +0000] "GET /v1/nba-hotel/booking/ HTTP/1.1" 200 3990 "-" "PostmanRuntime/7.34.0"
::1 - - [08/Nov/2023:04:30:48 +0000] "GET /v1/nba-hotel/booking/ HTTP/1.1" 200 4703 "-" "PostmanRuntime/7.34.0"
::1 - - [08/Nov/2023:04:31:27 +0000] "GET /v1/nba-hotel/booking/654b0ad4c3b7cac36e8faba1 HTTP/1.1" 200 3990 "-" "PostmanRuntime/7.34.0"
::1 - - [08/Nov/2023:04:39:02 +0000] "GET /v1/nba-hotel/booking/hotel/6548528984d15010af924017 HTTP/1.1" 200 4985 "-" "PostmanRuntime/7.34.0"
::1 - - [08/Nov/2023:04:40:27 +0000] "POST /v1/nba-hotel/room/hotel/:id HTTP/1.1" 400 104 "-" "PostmanRuntime/7.34.0"
::1 - - [08/Nov/2023:04:40:38 +0000] "POST /v1/nba-hotel/room/hotel/:id HTTP/1.1" 200 3303 "-" "PostmanRuntime/7.34.0"
::1 - - [08/Nov/2023:04:42:14 +0000] "GET /v1/nba-hotel/booking/hotel/654b11469f5550d360cf8fb2 HTTP/1.1" 200 4985 "-" "PostmanRuntime/7.34.0"
::1 - - [08/Nov/2023:04:43:29 +0000] "GET /v1/nba-hotel/booking/hotel/654b11469f5550d360cf8fb2 HTTP/1.1" 200 4985 "-" "PostmanRuntime/7.34.0"
::1 - - [08/Nov/2023:04:43:36 +0000] "GET /v1/nba-hotel/booking/hotel/654b11469f5550d360cf8fb2 HTTP/1.1" 200 4983 "-" "PostmanRuntime/7.34.0"
::1 - - [08/Nov/2023:04:43:37 +0000] "GET /v1/nba-hotel/booking/hotel/654b11469f5550d360cf8fb2 HTTP/1.1" 200 4983 "-" "PostmanRuntime/7.34.0"
::1 - - [08/Nov/2023:04:43:48 +0000] "GET /v1/nba-hotel/booking/hotel/6548528984d15010af924017 HTTP/1.1" 200 4983 "-" "PostmanRuntime/7.34.0"
::1 - - [08/Nov/2023:04:44:08 +0000] "POST /v1/nba-hotel/booking/ HTTP/1.1" 200 429 "-" "PostmanRuntime/7.34.0"
::1 - - [08/Nov/2023:04:44:20 +0000] "GET /v1/nba-hotel/booking/hotel/654b11469f5550d360cf8fb2 HTTP/1.1" 200 4983 "-" "PostmanRuntime/7.34.0"
::1 - - [08/Nov/2023:04:54:26 +0000] "POST /v1/nba-hotel/booking/ HTTP/1.1" 500 58 "-" "PostmanRuntime/7.34.0"
::1 - - [08/Nov/2023:04:54:50 +0000] "POST /v1/nba-hotel/booking/ HTTP/1.1" 500 75 "-" "PostmanRuntime/7.34.0"
::1 - - [08/Nov/2023:04:56:05 +0000] "GET /v1/nba-hotel/booking/654b0ad4c3b7cac36e8faba1 HTTP/1.1" 200 4983 "-" "PostmanRuntime/7.34.0"
::1 - - [08/Nov/2023:04:56:48 +0000] "PUT /v1/nba-hotel/booking/AcceptBooking/654b0ad4c3b7cac36e8faba1 HTTP/1.1" 403 56 "-" "PostmanRuntime/7.34.0"
::1 - - [08/Nov/2023:04:57:31 +0000] "PUT /v1/nba-hotel/booking/AcceptBooking/654b0ad4c3b7cac36e8faba1 HTTP/1.1" 200 5289 "-" "PostmanRuntime/7.34.0"
::1 - - [08/Nov/2023:06:14:24 +0000] "PUT /v1/nba-hotel/booking/paymentBooking/654b0ad4c3b7cac36e8faba1 HTTP/1.1" 500 41 "-" "PostmanRuntime/7.34.0"
::1 - - [08/Nov/2023:06:15:17 +0000] "PUT /v1/nba-hotel/booking/paymentBooking/654b0ad4c3b7cac36e8faba1 HTTP/1.1" 500 132 "-" "PostmanRuntime/7.34.0"
::1 - - [08/Nov/2023:06:15:56 +0000] "PUT /v1/nba-hotel/booking/paymentBooking/654b0ad4c3b7cac36e8faba1 HTTP/1.1" 200 1209 "-" "PostmanRuntime/7.34.0"
::1 - - [08/Nov/2023:06:25:17 +0000] "GET /v1/nba-hotel/payment HTTP/1.1" 200 501 "-" "PostmanRuntime/7.34.0"
::1 - - [08/Nov/2023:06:26:02 +0000] "PUT /v1/nba-hotel/booking/confirmBookingPayment/654b27404daf96fb426062f5 HTTP/1.1" 404 103 "-" "PostmanRuntime/7.34.0"
::1 - - [08/Nov/2023:06:26:24 +0000] "PUT /v1/nba-hotel/booking/confirmBookingPayment/654b27404daf96fb426062f5 HTTP/1.1" 404 103 "-" "PostmanRuntime/7.34.0"
::1 - - [08/Nov/2023:06:27:20 +0000] "PUT /v1/nba-hotel/booking/confirmBookingPayment/654b27404daf96fb426062f5 HTTP/1.1" 200 1316 "-" "PostmanRuntime/7.34.0"
::1 - - [08/Nov/2023:06:31:25 +0000] "PUT /v1/nba-hotel/booking/confirmBookingPayment/654b27404daf96fb426062f5 HTTP/1.1" 200 1871 "-" "PostmanRuntime/7.34.0"
::1 - - [08/Nov/2023:06:42:10 +0000] "PUT /v1/nba-hotel/booking/confirmBookingPayment/654b27404daf96fb426062f5 HTTP/1.1" 500 101 "-" "PostmanRuntime/7.34.0"
::1 - - [08/Nov/2023:06:42:41 +0000] "POST /v1/nba-hotel/signin HTTP/1.1" 200 578 "-" "PostmanRuntime/7.34.0"
::1 - - [08/Nov/2023:06:43:44 +0000] "POST /v1/nba-hotel/signin HTTP/1.1" 200 583 "-" "PostmanRuntime/7.34.0"
::1 - - [08/Nov/2023:06:44:50 +0000] "POST /v1/nba-hotel/signin HTTP/1.1" 200 590 "-" "PostmanRuntime/7.34.0"
::1 - - [08/Nov/2023:06:45:12 +0000] "PUT /v1/nba-hotel/booking/confirmBookingPayment/654b27404daf96fb426062f5 HTTP/1.1" 200 2660 "-" "PostmanRuntime/7.34.0"
::1 - - [08/Nov/2023:06:46:56 +0000] "PUT /v1/nba-hotel/booking/confirmBookingPayment/654b27404daf96fb426062f5 HTTP/1.1" 200 2660 "-" "PostmanRuntime/7.34.0"
::1 - - [08/Nov/2023:06:48:20 +0000] "PUT /v1/nba-hotel/booking/confirmBookingPayment/654b27404daf96fb426062f5 HTTP/1.1" 200 2660 "-" "PostmanRuntime/7.34.0"
::1 - - [08/Nov/2023:06:48:41 +0000] "PUT /v1/nba-hotel/booking/confirmBookingPayment/654b27404daf96fb426062f5 HTTP/1.1" 200 8244 "-" "PostmanRuntime/7.34.0"
::1 - - [08/Nov/2023:06:49:16 +0000] "PUT /v1/nba-hotel/booking/confirmBookingPayment/654b27404daf96fb426062f5 HTTP/1.1" 200 2660 "-" "PostmanRuntime/7.34.0"
::1 - - [08/Nov/2023:06:51:11 +0000] "PUT /v1/nba-hotel/booking/confirmBookingPayment/654b27404daf96fb426062f5 HTTP/1.1" 200 1316 "-" "PostmanRuntime/7.34.0"
::1 - - [08/Nov/2023:06:51:57 +0000] "PUT /v1/nba-hotel/booking/confirmBookingPayment/654b27404daf96fb426062f5 HTTP/1.1" 200 1449 "-" "PostmanRuntime/7.34.0"
::1 - - [08/Nov/2023:06:52:47 +0000] "PUT /v1/nba-hotel/booking/confirmBookingPayment/654b27404daf96fb426062f5 HTTP/1.1" 200 6136 "-" "PostmanRuntime/7.34.0"
::1 - - [08/Nov/2023:07:00:50 +0000] "PUT /v1/nba-hotel/booking/Unconfirmbookingpayment/6549f594597fc31748550264 HTTP/1.1" 404 103 "-" "PostmanRuntime/7.34.0"
::1 - - [08/Nov/2023:07:02:07 +0000] "PUT /v1/nba-hotel/booking/Unconfirmbookingpayment/654b27404daf96fb426062f5 HTTP/1.1" 200 1300 "-" "PostmanRuntime/7.34.0"
::1 - - [08/Nov/2023:07:11:00 +0000] "PUT /v1/nba-hotel/booking/Unconfirmbookingpayment/654b27404daf96fb426062f5 HTTP/1.1" 200 1482 "-" "PostmanRuntime/7.34.0"
::1 - - [08/Nov/2023:07:12:39 +0000] "GET /v1/nba-hotel/payment HTTP/1.1" 200 504 "-" "PostmanRuntime/7.34.0"
::1 - - [08/Nov/2023:07:48:41 +0000] "PUT /v1/nba-hotel/booking/paymentBooking/654b0ad4c3b7cac36e8faba1 HTTP/1.1" - - "-" "PostmanRuntime/7.34.0"
::1 - - [08/Nov/2023:07:58:21 +0000] "PUT /v1/nba-hotel/booking/paymentBooking/654b0ad4c3b7cac36e8faba1 HTTP/1.1" - - "-" "PostmanRuntime/7.34.0"
::1 - - [08/Nov/2023:07:59:48 +0000] "PUT /v1/nba-hotel/booking/paymentBooking/654b0ad4c3b7cac36e8faba1 HTTP/1.1" - - "-" "PostmanRuntime/7.34.0"
::1 - - [08/Nov/2023:08:04:36 +0000] "PUT /v1/nba-hotel/booking/paymentBooking/654b0ad4c3b7cac36e8faba1 HTTP/1.1" 500 38 "-" "PostmanRuntime/7.34.0"
::1 - - [08/Nov/2023:08:05:29 +0000] "PUT /v1/nba-hotel/booking/paymentBooking/654b0ad4c3b7cac36e8faba1 HTTP/1.1" 500 65 "-" "PostmanRuntime/7.34.0"
::1 - - [08/Nov/2023:08:05:43 +0000] "PUT /v1/nba-hotel/booking/paymentBooking/654b0ad4c3b7cac36e8faba1 HTTP/1.1" 500 65 "-" "PostmanRuntime/7.34.0"
::1 - - [08/Nov/2023:08:11:57 +0000] "PUT /v1/nba-hotel/booking/paymentBooking/654b0ad4c3b7cac36e8faba1 HTTP/1.1" 500 1679 "-" "PostmanRuntime/7.34.0"
::1 - - [08/Nov/2023:08:12:17 +0000] "PUT /v1/nba-hotel/booking/paymentBooking/654b0ad4c3b7cac36e8faba1 HTTP/1.1" 500 1679 "-" "PostmanRuntime/7.34.0"
::1 - - [08/Nov/2023:08:12:31 +0000] "PUT /v1/nba-hotel/booking/paymentBooking/654b0ad4c3b7cac36e8faba1 HTTP/1.1" 500 1679 "-" "PostmanRuntime/7.34.0"
::1 - - [08/Nov/2023:08:16:29 +0000] "PUT /v1/nba-hotel/booking/paymentBooking/654b0ad4c3b7cac36e8faba1 HTTP/1.1" - - "-" "PostmanRuntime/7.34.0"
::1 - - [08/Nov/2023:08:16:38 +0000] "PUT /v1/nba-hotel/booking/paymentBooking/654b0ad4c3b7cac36e8faba1 HTTP/1.1" - - "-" "PostmanRuntime/7.34.0"
::1 - - [08/Nov/2023:08:24:36 +0000] "PUT /v1/nba-hotel/booking/paymentBooking/654b0ad4c3b7cac36e8faba1 HTTP/1.1" - - "-" "PostmanRuntime/7.34.0"
::1 - - [08/Nov/2023:08:45:43 +0000] "PUT /v1/nba-hotel/booking/paymentBooking/654b0ad4c3b7cac36e8faba1 HTTP/1.1" - - "-" "PostmanRuntime/7.34.0"
::1 - - [08/Nov/2023:08:55:13 +0000] "PUT /v1/nba-hotel/booking/paymentBooking/654b0ad4c3b7cac36e8faba1 HTTP/1.1" - - "-" "PostmanRuntime/7.34.0"
::1 - - [08/Nov/2023:08:56:08 +0000] "PUT /v1/nba-hotel/booking/paymentBooking/654b0ad4c3b7cac36e8faba1 HTTP/1.1" - - "-" "PostmanRuntime/7.34.0"
::1 - - [08/Nov/2023:08:56:39 +0000] "PUT /v1/nba-hotel/booking/paymentBooking/654b0ad4c3b7cac36e8faba1 HTTP/1.1" 500 66 "-" "PostmanRuntime/7.34.0"
::1 - - [08/Nov/2023:08:59:24 +0000] "PUT /v1/nba-hotel/booking/paymentBooking/654b0ad4c3b7cac36e8faba1 HTTP/1.1" - - "-" "PostmanRuntime/7.34.0"
::1 - - [08/Nov/2023:08:59:38 +0000] "PUT /v1/nba-hotel/booking/paymentBooking/654b0ad4c3b7cac36e8faba1 HTTP/1.1" - - "-" "PostmanRuntime/7.34.0"
::1 - - [08/Nov/2023:09:14:30 +0000] "PUT /v1/nba-hotel/booking/paymentBooking/654b0ad4c3b7cac36e8faba1 HTTP/1.1" 200 98 "-" "PostmanRuntime/7.34.0"
::1 - - [08/Nov/2023:09:15:16 +0000] "PUT /v1/nba-hotel/booking/paymentBooking/654b0ad4c3b7cac36e8faba1 HTTP/1.1" 200 98 "-" "PostmanRuntime/7.34.0"
::1 - - [08/Nov/2023:09:17:53 +0000] "PUT /v1/nba-hotel/booking/paymentBooking/654b0ad4c3b7cac36e8faba1 HTTP/1.1" 200 98 "-" "PostmanRuntime/7.34.0"
::1 - - [08/Nov/2023:09:17:55 +0000] "PUT /v1/nba-hotel/booking/paymentBooking/654b0ad4c3b7cac36e8faba1 HTTP/1.1" 200 98 "-" "PostmanRuntime/7.34.0"
::1 - - [08/Nov/2023:09:23:44 +0000] "PUT /v1/nba-hotel/booking/paymentBooking/654b0ad4c3b7cac36e8faba1 HTTP/1.1" 200 98 "-" "PostmanRuntime/7.34.0"
::1 - - [08/Nov/2023:09:23:56 +0000] "PUT /v1/nba-hotel/booking/paymentBooking/654b0ad4c3b7cac36e8faba1 HTTP/1.1" 200 98 "-" "PostmanRuntime/7.34.0"
::1 - - [08/Nov/2023:09:24:32 +0000] "PUT /v1/nba-hotel/booking/paymentBooking/654b0ad4c3b7cac36e8faba1 HTTP/1.1" 200 98 "-" "PostmanRuntime/7.34.0"
::1 - - [08/Nov/2023:09:25:43 +0000] "PUT /v1/nba-hotel/booking/paymentBooking/654b0ad4c3b7cac36e8faba1 HTTP/1.1" 200 98 "-" "PostmanRuntime/7.34.0"
::1 - - [08/Nov/2023:09:26:24 +0000] "PUT /v1/nba-hotel/booking/paymentBooking/654b0ad4c3b7cac36e8faba1 HTTP/1.1" 200 98 "-" "PostmanRuntime/7.34.0"
::1 - - [08/Nov/2023:09:27:23 +0000] "PUT /v1/nba-hotel/booking/paymentBooking/654b0ad4c3b7cac36e8faba1 HTTP/1.1" 200 98 "-" "PostmanRuntime/7.34.0"
::1 - - [08/Nov/2023:09:27:53 +0000] "PUT /v1/nba-hotel/booking/paymentBooking/654b0ad4c3b7cac36e8faba1 HTTP/1.1" 200 98 "-" "PostmanRuntime/7.34.0"
::1 - - [08/Nov/2023:09:28:19 +0000] "PUT /v1/nba-hotel/booking/paymentBooking/654b0ad4c3b7cac36e8faba1 HTTP/1.1" 200 98 "-" "PostmanRuntime/7.34.0"
::1 - - [08/Nov/2023:09:28:38 +0000] "PUT /v1/nba-hotel/booking/paymentBooking/654b0ad4c3b7cac36e8faba1 HTTP/1.1" 200 98 "-" "PostmanRuntime/7.34.0"
::1 - - [08/Nov/2023:09:29:06 +0000] "PUT /v1/nba-hotel/booking/paymentBooking/654b0ad4c3b7cac36e8faba1 HTTP/1.1" 200 98 "-" "PostmanRuntime/7.34.0"
::1 - - [08/Nov/2023:09:29:15 +0000] "PUT /v1/nba-hotel/booking/paymentBooking/654b0ad4c3b7cac36e8faba1 HTTP/1.1" 200 98 "-" "PostmanRuntime/7.34.0"
::1 - - [08/Nov/2023:09:29:43 +0000] "PUT /v1/nba-hotel/booking/paymentBooking/654b0ad4c3b7cac36e8faba1 HTTP/1.1" 200 98 "-" "PostmanRuntime/7.34.0"
::1 - - [08/Nov/2023:09:30:13 +0000] "PUT /v1/nba-hotel/booking/paymentBooking/654b0ad4c3b7cac36e8faba1 HTTP/1.1" 200 98 "-" "PostmanRuntime/7.34.0"
